2014-03-12 22:30:32,960 [http-bio-8080-exec-5] ERROR StackTrace  - Full Stack Trace:
java.lang.IndexOutOfBoundsException: fromIndex = -8
	at java.util.ArrayList.subListRangeCheck(ArrayList.java:920)
	at java.util.ArrayList.subList(ArrayList.java:914)
	at java_util_List$subList.call(Unknown Source)
	at ru.spb.soisbelle.zulModels.components.ShowcasePagingViewModel$$EOYJx8ke.moveCarousel(ShowcasePagingViewModel.groovy:156)
	at ru.spb.soisbelle.zulModels.components.ShowcasePagingViewModel$$DOYJx8ke.moveCarousel(Unknown Source)
	at ru.spb.soisbelle.zulModels.components.ShowcasePagingViewModel.moveCarousel(ShowcasePagingViewModel.groovy)
	at ru.spb.soisbelle.zulModels.components.ShowcasePagingViewModel$moveCarousel.callCurrent(Unknown Source)
	at org.codehaus.groovy.runtime.callsite.CallSiteArray.defaultCallCurrent(CallSiteArray.java:49)
	at org.codehaus.groovy.runtime.callsite.AbstractCallSite.callCurrent(AbstractCallSite.java:133)
	at org.codehaus.groovy.runtime.callsite.AbstractCallSite.callCurrent(AbstractCallSite.java:145)
	at ru.spb.soisbelle.zulModels.components.ShowcasePagingViewModel$$EOYJx8ke.back(ShowcasePagingViewModel.groovy:151)
	at sun.reflect.NativeMethodAccessorImpl.invoke0(Native Method)
	at sun.reflect.NativeMethodAccessorImpl.invoke(NativeMethodAccessorImpl.java:57)
	at sun.reflect.DelegatingMethodAccessorImpl.invoke(DelegatingMethodAccessorImpl.java:43)
	at java.lang.reflect.Method.invoke(Method.java:601)
	at org.springsource.loaded.ri.ReloadedTypeInvoker$2.invoke(ReloadedTypeInvoker.java:122)
	at org.springsource.loaded.ri.ReflectiveInterceptor.jlrMethodInvoke(ReflectiveInterceptor.java:1272)
	at org.zkoss.bind.impl.ParamCall.call(ParamCall.java:111)
	at org.zkoss.bind.impl.BinderImpl.doExecute(BinderImpl.java:1520)
	at org.zkoss.bind.impl.BinderImpl.doCommand(BinderImpl.java:1313)
	at org.zkoss.bind.impl.BinderImpl.access$1500(BinderImpl.java:98)
	at org.zkoss.bind.impl.BinderImpl$CommandEventListener.onEvent0(BinderImpl.java:1197)
	at org.zkoss.bind.impl.BinderImpl$CommandEventListener.onEvent(BinderImpl.java:1155)
	at org.zkoss.zk.ui.AbstractComponent.onEvent(AbstractComponent.java:2742)
	at org.zkoss.zk.ui.AbstractComponent.service(AbstractComponent.java:2713)
	at org.zkoss.zk.ui.AbstractComponent.service(AbstractComponent.java:2654)
	at org.zkoss.zk.ui.impl.EventProcessor.process(EventProcessor.java:136)
	at org.zkoss.zk.ui.impl.UiEngineImpl.processEvent(UiEngineImpl.java:1710)
	at org.zkoss.zk.ui.impl.UiEngineImpl.process(UiEngineImpl.java:1495)
	at org.zkoss.zk.ui.impl.UiEngineImpl.execUpdate(UiEngineImpl.java:1205)
	at org.zkoss.zk.au.http.DHtmlUpdateServlet.process(DHtmlUpdateServlet.java:583)
	at org.zkoss.zk.au.http.DHtmlUpdateServlet.doGet(DHtmlUpdateServlet.java:481)
	at org.zkoss.zk.au.http.DHtmlUpdateServlet.doPost(DHtmlUpdateServlet.java:489)
	at javax.servlet.http.HttpServlet.service(HttpServlet.java:641)
	at javax.servlet.http.HttpServlet.service(HttpServlet.java:722)
	at org.apache.catalina.core.ApplicationFilterChain.internalDoFilter(ApplicationFilterChain.java:305)
	at org.apache.catalina.core.ApplicationFilterChain.doFilter(ApplicationFilterChain.java:210)
	at org.zkoss.zk.grails.web.ZULUrlMappingsFilter.processFilterChain(ZULUrlMappingsFilter.java:394)
	at org.zkoss.zk.grails.web.ZULUrlMappingsFilter.doFilterInternal(ZULUrlMappingsFilter.java:134)
	at org.springframework.web.filter.OncePerRequestFilter.doFilter(OncePerRequestFilter.java:76)
	at org.apache.catalina.core.ApplicationFilterChain.internalDoFilter(ApplicationFilterChain.java:243)
	at org.apache.catalina.core.ApplicationFilterChain.doFilter(ApplicationFilterChain.java:210)
	at org.zkoss.zk.grails.web.ZKGrailsPageFilter.doFilter(ZKGrailsPageFilter.java:204)
	at org.apache.catalina.core.ApplicationFilterChain.internalDoFilter(ApplicationFilterChain.java:243)
	at org.apache.catalina.core.ApplicationFilterChain.doFilter(ApplicationFilterChain.java:210)
	at javax.servlet.FilterChain$doFilter.call(Unknown Source)
	at org.grails.plugin.resource.DevModeSanityFilter.doFilter(DevModeSanityFilter.groovy:44)
	at org.apache.catalina.core.ApplicationFilterChain.internalDoFilter(ApplicationFilterChain.java:243)
	at org.apache.catalina.core.ApplicationFilterChain.doFilter(ApplicationFilterChain.java:210)
	at org.codehaus.groovy.grails.web.servlet.mvc.GrailsWebRequestFilter.doFilterInternal(GrailsWebRequestFilter.java:69)
	at org.springframework.web.filter.OncePerRequestFilter.doFilter(OncePerRequestFilter.java:76)
	at org.apache.catalina.core.ApplicationFilterChain.internalDoFilter(ApplicationFilterChain.java:243)
	at org.apache.catalina.core.ApplicationFilterChain.doFilter(ApplicationFilterChain.java:210)
	at org.codehaus.groovy.grails.web.filters.HiddenHttpMethodFilter.doFilterInternal(HiddenHttpMethodFilter.java:66)
	at org.springframework.web.filter.OncePerRequestFilter.doFilter(OncePerRequestFilter.java:76)
	at org.apache.catalina.core.ApplicationFilterChain.internalDoFilter(ApplicationFilterChain.java:243)
	at org.apache.catalina.core.ApplicationFilterChain.doFilter(ApplicationFilterChain.java:210)
	at org.zkoss.zk.grails.web.ZKGrailsOpenSessionInViewFilter.doFilterInternal(ZKGrailsOpenSessionInViewFilter.java:37)
	at org.springframework.web.filter.OncePerRequestFilter.doFilter(OncePerRequestFilter.java:76)
	at org.apache.catalina.core.ApplicationFilterChain.internalDoFilter(ApplicationFilterChain.java:243)
	at org.apache.catalina.core.ApplicationFilterChain.doFilter(ApplicationFilterChain.java:210)
	at org.springframework.web.filter.CharacterEncodingFilter.doFilterInternal(CharacterEncodingFilter.java:88)
	at org.springframework.web.filter.OncePerRequestFilter.doFilter(OncePerRequestFilter.java:76)
	at org.springframework.web.filter.DelegatingFilterProxy.invokeDelegate(DelegatingFilterProxy.java:346)
	at org.springframework.web.filter.DelegatingFilterProxy.doFilter(DelegatingFilterProxy.java:259)
	at org.apache.catalina.core.ApplicationFilterChain.internalDoFilter(ApplicationFilterChain.java:243)
	at org.apache.catalina.core.ApplicationFilterChain.doFilter(ApplicationFilterChain.java:210)
	at org.apache.catalina.core.StandardWrapperValve.invoke(StandardWrapperValve.java:222)
	at org.apache.catalina.core.StandardContextValve.invoke(StandardContextValve.java:123)
	at org.apache.catalina.core.StandardHostValve.invoke(StandardHostValve.java:168)
	at org.apache.catalina.valves.ErrorReportValve.invoke(ErrorReportValve.java:99)
	at org.apache.catalina.core.StandardEngineValve.invoke(StandardEngineValve.java:118)
	at org.apache.catalina.connector.CoyoteAdapter.service(CoyoteAdapter.java:407)
	at org.apache.coyote.http11.AbstractHttp11Processor.process(AbstractHttp11Processor.java:1002)
	at org.apache.coyote.AbstractProtocol$AbstractConnectionHandler.process(AbstractProtocol.java:585)
	at org.apache.tomcat.util.net.JIoEndpoint$SocketProcessor.run(JIoEndpoint.java:312)
	at java.util.concurrent.ThreadPoolExecutor.runWorker(ThreadPoolExecutor.java:1145)
	at java.util.concurrent.ThreadPoolExecutor$Worker.run(ThreadPoolExecutor.java:615)
	at java.lang.Thread.run(Thread.java:722)
2014-03-12 22:30:32,967 [http-bio-8080-exec-5] ERROR StackTrace  - Full Stack Trace:
java.lang.IndexOutOfBoundsException: fromIndex = -8
	at java.util.ArrayList.subListRangeCheck(ArrayList.java:920)
	at java.util.ArrayList.subList(ArrayList.java:914)
	at ru.spb.soisbelle.zulModels.components.ShowcasePagingViewModel$$EOYJx8ke.moveCarousel(ShowcasePagingViewModel.groovy:156)
	at ru.spb.soisbelle.zulModels.components.ShowcasePagingViewModel$$EOYJx8ke.back(ShowcasePagingViewModel.groovy:151)
	at org.zkoss.bind.impl.ParamCall.call(ParamCall.java:111)
	at org.zkoss.bind.impl.BinderImpl.doExecute(BinderImpl.java:1520)
	at org.zkoss.bind.impl.BinderImpl.doCommand(BinderImpl.java:1313)
	at org.zkoss.bind.impl.BinderImpl.access$1500(BinderImpl.java:98)
	at org.zkoss.bind.impl.BinderImpl$CommandEventListener.onEvent0(BinderImpl.java:1197)
	at org.zkoss.bind.impl.BinderImpl$CommandEventListener.onEvent(BinderImpl.java:1155)
	at org.zkoss.zk.ui.AbstractComponent.onEvent(AbstractComponent.java:2742)
	at org.zkoss.zk.ui.AbstractComponent.service(AbstractComponent.java:2713)
	at org.zkoss.zk.ui.AbstractComponent.service(AbstractComponent.java:2654)
	at org.zkoss.zk.ui.impl.EventProcessor.process(EventProcessor.java:136)
	at org.zkoss.zk.ui.impl.UiEngineImpl.processEvent(UiEngineImpl.java:1710)
	at org.zkoss.zk.ui.impl.UiEngineImpl.process(UiEngineImpl.java:1495)
	at org.zkoss.zk.ui.impl.UiEngineImpl.execUpdate(UiEngineImpl.java:1205)
	at org.zkoss.zk.au.http.DHtmlUpdateServlet.process(DHtmlUpdateServlet.java:583)
	at org.zkoss.zk.au.http.DHtmlUpdateServlet.doGet(DHtmlUpdateServlet.java:481)
	at org.zkoss.zk.au.http.DHtmlUpdateServlet.doPost(DHtmlUpdateServlet.java:489)
	at org.zkoss.zk.grails.web.ZULUrlMappingsFilter.processFilterChain(ZULUrlMappingsFilter.java:394)
	at org.zkoss.zk.grails.web.ZULUrlMappingsFilter.doFilterInternal(ZULUrlMappingsFilter.java:134)
	at org.zkoss.zk.grails.web.ZKGrailsPageFilter.doFilter(ZKGrailsPageFilter.java:204)
	at org.zkoss.zk.grails.web.ZKGrailsOpenSessionInViewFilter.doFilterInternal(ZKGrailsOpenSessionInViewFilter.java:37)
	at java.util.concurrent.ThreadPoolExecutor.runWorker(ThreadPoolExecutor.java:1145)
	at java.util.concurrent.ThreadPoolExecutor$Worker.run(ThreadPoolExecutor.java:615)
	at java.lang.Thread.run(Thread.java:722)
2014-03-12 22:30:32,968 [http-bio-8080-exec-5] ERROR StackTrace  - Full Stack Trace:
java.lang.IndexOutOfBoundsException: fromIndex = -8
	at java.util.ArrayList.subListRangeCheck(ArrayList.java:920)
	at java.util.ArrayList.subList(ArrayList.java:914)
	at ru.spb.soisbelle.zulModels.components.ShowcasePagingViewModel$$EOYJx8ke.moveCarousel(ShowcasePagingViewModel.groovy:156)
	at ru.spb.soisbelle.zulModels.components.ShowcasePagingViewModel$$EOYJx8ke.back(ShowcasePagingViewModel.groovy:151)
	at org.zkoss.bind.impl.ParamCall.call(ParamCall.java:111)
	at org.zkoss.bind.impl.BinderImpl.doExecute(BinderImpl.java:1520)
	at org.zkoss.bind.impl.BinderImpl.doCommand(BinderImpl.java:1313)
	at org.zkoss.bind.impl.BinderImpl.access$1500(BinderImpl.java:98)
	at org.zkoss.bind.impl.BinderImpl$CommandEventListener.onEvent0(BinderImpl.java:1197)
	at org.zkoss.bind.impl.BinderImpl$CommandEventListener.onEvent(BinderImpl.java:1155)
	at org.zkoss.zk.ui.AbstractComponent.onEvent(AbstractComponent.java:2742)
	at org.zkoss.zk.ui.AbstractComponent.service(AbstractComponent.java:2713)
	at org.zkoss.zk.ui.AbstractComponent.service(AbstractComponent.java:2654)
	at org.zkoss.zk.ui.impl.EventProcessor.process(EventProcessor.java:136)
	at org.zkoss.zk.ui.impl.UiEngineImpl.processEvent(UiEngineImpl.java:1710)
	at org.zkoss.zk.ui.impl.UiEngineImpl.process(UiEngineImpl.java:1495)
	at org.zkoss.zk.ui.impl.UiEngineImpl.execUpdate(UiEngineImpl.java:1205)
	at org.zkoss.zk.au.http.DHtmlUpdateServlet.process(DHtmlUpdateServlet.java:583)
	at org.zkoss.zk.au.http.DHtmlUpdateServlet.doGet(DHtmlUpdateServlet.java:481)
	at org.zkoss.zk.au.http.DHtmlUpdateServlet.doPost(DHtmlUpdateServlet.java:489)
	at org.zkoss.zk.grails.web.ZULUrlMappingsFilter.processFilterChain(ZULUrlMappingsFilter.java:394)
	at org.zkoss.zk.grails.web.ZULUrlMappingsFilter.doFilterInternal(ZULUrlMappingsFilter.java:134)
	at org.zkoss.zk.grails.web.ZKGrailsPageFilter.doFilter(ZKGrailsPageFilter.java:204)
	at org.zkoss.zk.grails.web.ZKGrailsOpenSessionInViewFilter.doFilterInternal(ZKGrailsOpenSessionInViewFilter.java:37)
	at java.util.concurrent.ThreadPoolExecutor.runWorker(ThreadPoolExecutor.java:1145)
	at java.util.concurrent.ThreadPoolExecutor$Worker.run(ThreadPoolExecutor.java:615)
	at java.lang.Thread.run(Thread.java:722)
2014-03-12 22:30:32,969 [http-bio-8080-exec-5] ERROR StackTrace  - Full Stack Trace:
java.lang.IndexOutOfBoundsException: fromIndex = -8
	at java.util.ArrayList.subListRangeCheck(ArrayList.java:920)
	at java.util.ArrayList.subList(ArrayList.java:914)
	at ru.spb.soisbelle.zulModels.components.ShowcasePagingViewModel$$EOYJx8ke.moveCarousel(ShowcasePagingViewModel.groovy:156)
	at ru.spb.soisbelle.zulModels.components.ShowcasePagingViewModel$$EOYJx8ke.back(ShowcasePagingViewModel.groovy:151)
	at org.zkoss.bind.impl.ParamCall.call(ParamCall.java:111)
	at org.zkoss.bind.impl.BinderImpl.doExecute(BinderImpl.java:1520)
	at org.zkoss.bind.impl.BinderImpl.doCommand(BinderImpl.java:1313)
	at org.zkoss.bind.impl.BinderImpl.access$1500(BinderImpl.java:98)
	at org.zkoss.bind.impl.BinderImpl$CommandEventListener.onEvent0(BinderImpl.java:1197)
	at org.zkoss.bind.impl.BinderImpl$CommandEventListener.onEvent(BinderImpl.java:1155)
	at org.zkoss.zk.ui.AbstractComponent.onEvent(AbstractComponent.java:2742)
	at org.zkoss.zk.ui.AbstractComponent.service(AbstractComponent.java:2713)
	at org.zkoss.zk.ui.AbstractComponent.service(AbstractComponent.java:2654)
	at org.zkoss.zk.ui.impl.EventProcessor.process(EventProcessor.java:136)
	at org.zkoss.zk.ui.impl.UiEngineImpl.processEvent(UiEngineImpl.java:1710)
	at org.zkoss.zk.ui.impl.UiEngineImpl.process(UiEngineImpl.java:1495)
	at org.zkoss.zk.ui.impl.UiEngineImpl.execUpdate(UiEngineImpl.java:1205)
	at org.zkoss.zk.au.http.DHtmlUpdateServlet.process(DHtmlUpdateServlet.java:583)
	at org.zkoss.zk.au.http.DHtmlUpdateServlet.doGet(DHtmlUpdateServlet.java:481)
	at org.zkoss.zk.au.http.DHtmlUpdateServlet.doPost(DHtmlUpdateServlet.java:489)
	at org.zkoss.zk.grails.web.ZULUrlMappingsFilter.processFilterChain(ZULUrlMappingsFilter.java:394)
	at org.zkoss.zk.grails.web.ZULUrlMappingsFilter.doFilterInternal(ZULUrlMappingsFilter.java:134)
	at org.zkoss.zk.grails.web.ZKGrailsPageFilter.doFilter(ZKGrailsPageFilter.java:204)
	at org.zkoss.zk.grails.web.ZKGrailsOpenSessionInViewFilter.doFilterInternal(ZKGrailsOpenSessionInViewFilter.java:37)
	at java.util.concurrent.ThreadPoolExecutor.runWorker(ThreadPoolExecutor.java:1145)
	at java.util.concurrent.ThreadPoolExecutor$Worker.run(ThreadPoolExecutor.java:615)
	at java.lang.Thread.run(Thread.java:722)
2014-03-12 22:30:33,070 [http-bio-8080-exec-5] ERROR StackTrace  - Full Stack Trace:
java.lang.IndexOutOfBoundsException: fromIndex = -8
	at java.util.ArrayList.subListRangeCheck(ArrayList.java:920)
	at java.util.ArrayList.subList(ArrayList.java:914)
	at ru.spb.soisbelle.zulModels.components.ShowcasePagingViewModel$$EOYJx8ke.moveCarousel(ShowcasePagingViewModel.groovy:156)
	at ru.spb.soisbelle.zulModels.components.ShowcasePagingViewModel$$EOYJx8ke.back(ShowcasePagingViewModel.groovy:151)
	at org.zkoss.bind.impl.ParamCall.call(ParamCall.java:111)
	at org.zkoss.bind.impl.BinderImpl.doExecute(BinderImpl.java:1520)
	at org.zkoss.bind.impl.BinderImpl.doCommand(BinderImpl.java:1313)
	at org.zkoss.bind.impl.BinderImpl.access$1500(BinderImpl.java:98)
	at org.zkoss.bind.impl.BinderImpl$CommandEventListener.onEvent0(BinderImpl.java:1197)
	at org.zkoss.bind.impl.BinderImpl$CommandEventListener.onEvent(BinderImpl.java:1155)
	at org.zkoss.zk.ui.AbstractComponent.onEvent(AbstractComponent.java:2742)
	at org.zkoss.zk.ui.AbstractComponent.service(AbstractComponent.java:2713)
	at org.zkoss.zk.ui.AbstractComponent.service(AbstractComponent.java:2654)
	at org.zkoss.zk.ui.impl.EventProcessor.process(EventProcessor.java:136)
	at org.zkoss.zk.ui.impl.UiEngineImpl.processEvent(UiEngineImpl.java:1710)
	at org.zkoss.zk.ui.impl.UiEngineImpl.process(UiEngineImpl.java:1495)
	at org.zkoss.zk.ui.impl.UiEngineImpl.execUpdate(UiEngineImpl.java:1205)
	at org.zkoss.zk.au.http.DHtmlUpdateServlet.process(DHtmlUpdateServlet.java:583)
	at org.zkoss.zk.au.http.DHtmlUpdateServlet.doGet(DHtmlUpdateServlet.java:481)
	at org.zkoss.zk.au.http.DHtmlUpdateServlet.doPost(DHtmlUpdateServlet.java:489)
	at org.zkoss.zk.grails.web.ZULUrlMappingsFilter.processFilterChain(ZULUrlMappingsFilter.java:394)
	at org.zkoss.zk.grails.web.ZULUrlMappingsFilter.doFilterInternal(ZULUrlMappingsFilter.java:134)
	at org.zkoss.zk.grails.web.ZKGrailsPageFilter.doFilter(ZKGrailsPageFilter.java:204)
	at org.zkoss.zk.grails.web.ZKGrailsOpenSessionInViewFilter.doFilterInternal(ZKGrailsOpenSessionInViewFilter.java:37)
	at java.util.concurrent.ThreadPoolExecutor.runWorker(ThreadPoolExecutor.java:1145)
	at java.util.concurrent.ThreadPoolExecutor$Worker.run(ThreadPoolExecutor.java:615)
	at java.lang.Thread.run(Thread.java:722)
2014-03-12 22:30:33,071 [http-bio-8080-exec-5] ERROR StackTrace  - Full Stack Trace:
java.lang.IndexOutOfBoundsException: fromIndex = -8
	at java.util.ArrayList.subListRangeCheck(ArrayList.java:920)
	at java.util.ArrayList.subList(ArrayList.java:914)
	at ru.spb.soisbelle.zulModels.components.ShowcasePagingViewModel$$EOYJx8ke.moveCarousel(ShowcasePagingViewModel.groovy:156)
	at ru.spb.soisbelle.zulModels.components.ShowcasePagingViewModel$$EOYJx8ke.back(ShowcasePagingViewModel.groovy:151)
	at org.zkoss.bind.impl.ParamCall.call(ParamCall.java:111)
	at org.zkoss.bind.impl.BinderImpl.doExecute(BinderImpl.java:1520)
	at org.zkoss.bind.impl.BinderImpl.doCommand(BinderImpl.java:1313)
	at org.zkoss.bind.impl.BinderImpl.access$1500(BinderImpl.java:98)
	at org.zkoss.bind.impl.BinderImpl$CommandEventListener.onEvent0(BinderImpl.java:1197)
	at org.zkoss.bind.impl.BinderImpl$CommandEventListener.onEvent(BinderImpl.java:1155)
	at org.zkoss.zk.ui.AbstractComponent.onEvent(AbstractComponent.java:2742)
	at org.zkoss.zk.ui.AbstractComponent.service(AbstractComponent.java:2713)
	at org.zkoss.zk.ui.AbstractComponent.service(AbstractComponent.java:2654)
	at org.zkoss.zk.ui.impl.EventProcessor.process(EventProcessor.java:136)
	at org.zkoss.zk.ui.impl.UiEngineImpl.processEvent(UiEngineImpl.java:1710)
	at org.zkoss.zk.ui.impl.UiEngineImpl.process(UiEngineImpl.java:1495)
	at org.zkoss.zk.ui.impl.UiEngineImpl.execUpdate(UiEngineImpl.java:1205)
	at org.zkoss.zk.au.http.DHtmlUpdateServlet.process(DHtmlUpdateServlet.java:583)
	at org.zkoss.zk.au.http.DHtmlUpdateServlet.doGet(DHtmlUpdateServlet.java:481)
	at org.zkoss.zk.au.http.DHtmlUpdateServlet.doPost(DHtmlUpdateServlet.java:489)
	at org.zkoss.zk.grails.web.ZULUrlMappingsFilter.processFilterChain(ZULUrlMappingsFilter.java:394)
	at org.zkoss.zk.grails.web.ZULUrlMappingsFilter.doFilterInternal(ZULUrlMappingsFilter.java:134)
	at org.zkoss.zk.grails.web.ZKGrailsPageFilter.doFilter(ZKGrailsPageFilter.java:204)
	at org.zkoss.zk.grails.web.ZKGrailsOpenSessionInViewFilter.doFilterInternal(ZKGrailsOpenSessionInViewFilter.java:37)
	at java.util.concurrent.ThreadPoolExecutor.runWorker(ThreadPoolExecutor.java:1145)
	at java.util.concurrent.ThreadPoolExecutor$Worker.run(ThreadPoolExecutor.java:615)
	at java.lang.Thread.run(Thread.java:722)
2014-03-12 22:30:33,072 [http-bio-8080-exec-5] ERROR StackTrace  - Full Stack Trace:
java.lang.IndexOutOfBoundsException: fromIndex = -8
	at java.util.ArrayList.subListRangeCheck(ArrayList.java:920)
	at java.util.ArrayList.subList(ArrayList.java:914)
	at ru.spb.soisbelle.zulModels.components.ShowcasePagingViewModel$$EOYJx8ke.moveCarousel(ShowcasePagingViewModel.groovy:156)
	at ru.spb.soisbelle.zulModels.components.ShowcasePagingViewModel$$EOYJx8ke.back(ShowcasePagingViewModel.groovy:151)
	at org.zkoss.bind.impl.ParamCall.call(ParamCall.java:111)
	at org.zkoss.bind.impl.BinderImpl.doExecute(BinderImpl.java:1520)
	at org.zkoss.bind.impl.BinderImpl.doCommand(BinderImpl.java:1313)
	at org.zkoss.bind.impl.BinderImpl.access$1500(BinderImpl.java:98)
	at org.zkoss.bind.impl.BinderImpl$CommandEventListener.onEvent0(BinderImpl.java:1197)
	at org.zkoss.bind.impl.BinderImpl$CommandEventListener.onEvent(BinderImpl.java:1155)
	at org.zkoss.zk.ui.AbstractComponent.onEvent(AbstractComponent.java:2742)
	at org.zkoss.zk.ui.AbstractComponent.service(AbstractComponent.java:2713)
	at org.zkoss.zk.ui.AbstractComponent.service(AbstractComponent.java:2654)
	at org.zkoss.zk.ui.impl.EventProcessor.process(EventProcessor.java:136)
	at org.zkoss.zk.ui.impl.UiEngineImpl.processEvent(UiEngineImpl.java:1710)
	at org.zkoss.zk.ui.impl.UiEngineImpl.process(UiEngineImpl.java:1495)
	at org.zkoss.zk.ui.impl.UiEngineImpl.execUpdate(UiEngineImpl.java:1205)
	at org.zkoss.zk.au.http.DHtmlUpdateServlet.process(DHtmlUpdateServlet.java:583)
	at org.zkoss.zk.au.http.DHtmlUpdateServlet.doGet(DHtmlUpdateServlet.java:481)
	at org.zkoss.zk.au.http.DHtmlUpdateServlet.doPost(DHtmlUpdateServlet.java:489)
	at org.zkoss.zk.grails.web.ZULUrlMappingsFilter.processFilterChain(ZULUrlMappingsFilter.java:394)
	at org.zkoss.zk.grails.web.ZULUrlMappingsFilter.doFilterInternal(ZULUrlMappingsFilter.java:134)
	at org.zkoss.zk.grails.web.ZKGrailsPageFilter.doFilter(ZKGrailsPageFilter.java:204)
	at org.zkoss.zk.grails.web.ZKGrailsOpenSessionInViewFilter.doFilterInternal(ZKGrailsOpenSessionInViewFilter.java:37)
	at java.util.concurrent.ThreadPoolExecutor.runWorker(ThreadPoolExecutor.java:1145)
	at java.util.concurrent.ThreadPoolExecutor$Worker.run(ThreadPoolExecutor.java:615)
	at java.lang.Thread.run(Thread.java:722)
2014-03-12 22:30:33,073 [http-bio-8080-exec-5] ERROR StackTrace  - Full Stack Trace:
java.lang.IndexOutOfBoundsException: fromIndex = -8
	at java.util.ArrayList.subListRangeCheck(ArrayList.java:920)
	at java.util.ArrayList.subList(ArrayList.java:914)
	at ru.spb.soisbelle.zulModels.components.ShowcasePagingViewModel$$EOYJx8ke.moveCarousel(ShowcasePagingViewModel.groovy:156)
	at ru.spb.soisbelle.zulModels.components.ShowcasePagingViewModel$$EOYJx8ke.back(ShowcasePagingViewModel.groovy:151)
	at org.zkoss.bind.impl.ParamCall.call(ParamCall.java:111)
	at org.zkoss.bind.impl.BinderImpl.doExecute(BinderImpl.java:1520)
	at org.zkoss.bind.impl.BinderImpl.doCommand(BinderImpl.java:1313)
	at org.zkoss.bind.impl.BinderImpl.access$1500(BinderImpl.java:98)
	at org.zkoss.bind.impl.BinderImpl$CommandEventListener.onEvent0(BinderImpl.java:1197)
	at org.zkoss.bind.impl.BinderImpl$CommandEventListener.onEvent(BinderImpl.java:1155)
	at org.zkoss.zk.ui.AbstractComponent.onEvent(AbstractComponent.java:2742)
	at org.zkoss.zk.ui.AbstractComponent.service(AbstractComponent.java:2713)
	at org.zkoss.zk.ui.AbstractComponent.service(AbstractComponent.java:2654)
	at org.zkoss.zk.ui.impl.EventProcessor.process(EventProcessor.java:136)
	at org.zkoss.zk.ui.impl.UiEngineImpl.processEvent(UiEngineImpl.java:1710)
	at org.zkoss.zk.ui.impl.UiEngineImpl.process(UiEngineImpl.java:1495)
	at org.zkoss.zk.ui.impl.UiEngineImpl.execUpdate(UiEngineImpl.java:1205)
	at org.zkoss.zk.au.http.DHtmlUpdateServlet.process(DHtmlUpdateServlet.java:583)
	at org.zkoss.zk.au.http.DHtmlUpdateServlet.doGet(DHtmlUpdateServlet.java:481)
	at org.zkoss.zk.au.http.DHtmlUpdateServlet.doPost(DHtmlUpdateServlet.java:489)
	at org.zkoss.zk.grails.web.ZULUrlMappingsFilter.processFilterChain(ZULUrlMappingsFilter.java:394)
	at org.zkoss.zk.grails.web.ZULUrlMappingsFilter.doFilterInternal(ZULUrlMappingsFilter.java:134)
	at org.zkoss.zk.grails.web.ZKGrailsPageFilter.doFilter(ZKGrailsPageFilter.java:204)
	at org.zkoss.zk.grails.web.ZKGrailsOpenSessionInViewFilter.doFilterInternal(ZKGrailsOpenSessionInViewFilter.java:37)
	at java.util.concurrent.ThreadPoolExecutor.runWorker(ThreadPoolExecutor.java:1145)
	at java.util.concurrent.ThreadPoolExecutor$Worker.run(ThreadPoolExecutor.java:615)
	at java.lang.Thread.run(Thread.java:722)
2014-03-12 22:35:28,389 [http-bio-8080-exec-4] ERROR StackTrace  - Full Stack Trace:
java.lang.IndexOutOfBoundsException: fromIndex = -8
	at java.util.ArrayList.subListRangeCheck(ArrayList.java:920)
	at java.util.ArrayList.subList(ArrayList.java:914)
	at java_util_List$subList.call(Unknown Source)
	at ru.spb.soisbelle.zulModels.components.ShowcasePagingViewModel$$EOYJyLn2.moveCarousel(ShowcasePagingViewModel.groovy:157)
	at ru.spb.soisbelle.zulModels.components.ShowcasePagingViewModel$$DOYJyLn2.moveCarousel(Unknown Source)
	at ru.spb.soisbelle.zulModels.components.ShowcasePagingViewModel.moveCarousel(ShowcasePagingViewModel.groovy)
	at ru.spb.soisbelle.zulModels.components.ShowcasePagingViewModel$moveCarousel.callCurrent(Unknown Source)
	at ru.spb.soisbelle.zulModels.components.ShowcasePagingViewModel$$EOYJyLn2.back(ShowcasePagingViewModel.groovy:152)
	at sun.reflect.NativeMethodAccessorImpl.invoke0(Native Method)
	at sun.reflect.NativeMethodAccessorImpl.invoke(NativeMethodAccessorImpl.java:57)
	at sun.reflect.DelegatingMethodAccessorImpl.invoke(DelegatingMethodAccessorImpl.java:43)
	at java.lang.reflect.Method.invoke(Method.java:601)
	at org.springsource.loaded.ri.ReloadedTypeInvoker$2.invoke(ReloadedTypeInvoker.java:122)
	at org.springsource.loaded.ri.ReflectiveInterceptor.jlrMethodInvoke(ReflectiveInterceptor.java:1272)
	at org.zkoss.bind.impl.ParamCall.call(ParamCall.java:111)
	at org.zkoss.bind.impl.BinderImpl.doExecute(BinderImpl.java:1520)
	at org.zkoss.bind.impl.BinderImpl.doCommand(BinderImpl.java:1313)
	at org.zkoss.bind.impl.BinderImpl.access$1500(BinderImpl.java:98)
	at org.zkoss.bind.impl.BinderImpl$CommandEventListener.onEvent0(BinderImpl.java:1197)
	at org.zkoss.bind.impl.BinderImpl$CommandEventListener.onEvent(BinderImpl.java:1155)
	at org.zkoss.zk.ui.AbstractComponent.onEvent(AbstractComponent.java:2742)
	at org.zkoss.zk.ui.AbstractComponent.service(AbstractComponent.java:2713)
	at org.zkoss.zk.ui.AbstractComponent.service(AbstractComponent.java:2654)
	at org.zkoss.zk.ui.impl.EventProcessor.process(EventProcessor.java:136)
	at org.zkoss.zk.ui.impl.UiEngineImpl.processEvent(UiEngineImpl.java:1710)
	at org.zkoss.zk.ui.impl.UiEngineImpl.process(UiEngineImpl.java:1495)
	at org.zkoss.zk.ui.impl.UiEngineImpl.execUpdate(UiEngineImpl.java:1205)
	at org.zkoss.zk.au.http.DHtmlUpdateServlet.process(DHtmlUpdateServlet.java:583)
	at org.zkoss.zk.au.http.DHtmlUpdateServlet.doGet(DHtmlUpdateServlet.java:481)
	at org.zkoss.zk.au.http.DHtmlUpdateServlet.doPost(DHtmlUpdateServlet.java:489)
	at javax.servlet.http.HttpServlet.service(HttpServlet.java:641)
	at javax.servlet.http.HttpServlet.service(HttpServlet.java:722)
	at org.apache.catalina.core.ApplicationFilterChain.internalDoFilter(ApplicationFilterChain.java:305)
	at org.apache.catalina.core.ApplicationFilterChain.doFilter(ApplicationFilterChain.java:210)
	at org.zkoss.zk.grails.web.ZULUrlMappingsFilter.processFilterChain(ZULUrlMappingsFilter.java:394)
	at org.zkoss.zk.grails.web.ZULUrlMappingsFilter.doFilterInternal(ZULUrlMappingsFilter.java:134)
	at org.springframework.web.filter.OncePerRequestFilter.doFilter(OncePerRequestFilter.java:76)
	at org.apache.catalina.core.ApplicationFilterChain.internalDoFilter(ApplicationFilterChain.java:243)
	at org.apache.catalina.core.ApplicationFilterChain.doFilter(ApplicationFilterChain.java:210)
	at org.zkoss.zk.grails.web.ZKGrailsPageFilter.doFilter(ZKGrailsPageFilter.java:204)
	at org.apache.catalina.core.ApplicationFilterChain.internalDoFilter(ApplicationFilterChain.java:243)
	at org.apache.catalina.core.ApplicationFilterChain.doFilter(ApplicationFilterChain.java:210)
	at javax.servlet.FilterChain$doFilter.call(Unknown Source)
	at org.grails.plugin.resource.DevModeSanityFilter.doFilter(DevModeSanityFilter.groovy:44)
	at org.apache.catalina.core.ApplicationFilterChain.internalDoFilter(ApplicationFilterChain.java:243)
	at org.apache.catalina.core.ApplicationFilterChain.doFilter(ApplicationFilterChain.java:210)
	at org.codehaus.groovy.grails.web.servlet.mvc.GrailsWebRequestFilter.doFilterInternal(GrailsWebRequestFilter.java:69)
	at org.springframework.web.filter.OncePerRequestFilter.doFilter(OncePerRequestFilter.java:76)
	at org.apache.catalina.core.ApplicationFilterChain.internalDoFilter(ApplicationFilterChain.java:243)
	at org.apache.catalina.core.ApplicationFilterChain.doFilter(ApplicationFilterChain.java:210)
	at org.codehaus.groovy.grails.web.filters.HiddenHttpMethodFilter.doFilterInternal(HiddenHttpMethodFilter.java:66)
	at org.springframework.web.filter.OncePerRequestFilter.doFilter(OncePerRequestFilter.java:76)
	at org.apache.catalina.core.ApplicationFilterChain.internalDoFilter(ApplicationFilterChain.java:243)
	at org.apache.catalina.core.ApplicationFilterChain.doFilter(ApplicationFilterChain.java:210)
	at org.zkoss.zk.grails.web.ZKGrailsOpenSessionInViewFilter.doFilterInternal(ZKGrailsOpenSessionInViewFilter.java:37)
	at org.springframework.web.filter.OncePerRequestFilter.doFilter(OncePerRequestFilter.java:76)
	at org.apache.catalina.core.ApplicationFilterChain.internalDoFilter(ApplicationFilterChain.java:243)
	at org.apache.catalina.core.ApplicationFilterChain.doFilter(ApplicationFilterChain.java:210)
	at org.springframework.web.filter.CharacterEncodingFilter.doFilterInternal(CharacterEncodingFilter.java:88)
	at org.springframework.web.filter.OncePerRequestFilter.doFilter(OncePerRequestFilter.java:76)
	at org.springframework.web.filter.DelegatingFilterProxy.invokeDelegate(DelegatingFilterProxy.java:346)
	at org.springframework.web.filter.DelegatingFilterProxy.doFilter(DelegatingFilterProxy.java:259)
	at org.apache.catalina.core.ApplicationFilterChain.internalDoFilter(ApplicationFilterChain.java:243)
	at org.apache.catalina.core.ApplicationFilterChain.doFilter(ApplicationFilterChain.java:210)
	at org.apache.catalina.core.StandardWrapperValve.invoke(StandardWrapperValve.java:222)
	at org.apache.catalina.core.StandardContextValve.invoke(StandardContextValve.java:123)
	at org.apache.catalina.core.StandardHostValve.invoke(StandardHostValve.java:168)
	at org.apache.catalina.valves.ErrorReportValve.invoke(ErrorReportValve.java:99)
	at org.apache.catalina.core.StandardEngineValve.invoke(StandardEngineValve.java:118)
	at org.apache.catalina.connector.CoyoteAdapter.service(CoyoteAdapter.java:407)
	at org.apache.coyote.http11.AbstractHttp11Processor.process(AbstractHttp11Processor.java:1002)
	at org.apache.coyote.AbstractProtocol$AbstractConnectionHandler.process(AbstractProtocol.java:585)
	at org.apache.tomcat.util.net.JIoEndpoint$SocketProcessor.run(JIoEndpoint.java:312)
	at java.util.concurrent.ThreadPoolExecutor.runWorker(ThreadPoolExecutor.java:1145)
	at java.util.concurrent.ThreadPoolExecutor$Worker.run(ThreadPoolExecutor.java:615)
	at java.lang.Thread.run(Thread.java:722)
2014-03-12 22:35:28,396 [http-bio-8080-exec-4] ERROR StackTrace  - Full Stack Trace:
java.lang.IndexOutOfBoundsException: fromIndex = -8
	at java.util.ArrayList.subListRangeCheck(ArrayList.java:920)
	at java.util.ArrayList.subList(ArrayList.java:914)
	at ru.spb.soisbelle.zulModels.components.ShowcasePagingViewModel$$EOYJyLn2.moveCarousel(ShowcasePagingViewModel.groovy:157)
	at ru.spb.soisbelle.zulModels.components.ShowcasePagingViewModel$$EOYJyLn2.back(ShowcasePagingViewModel.groovy:152)
	at org.zkoss.bind.impl.ParamCall.call(ParamCall.java:111)
	at org.zkoss.bind.impl.BinderImpl.doExecute(BinderImpl.java:1520)
	at org.zkoss.bind.impl.BinderImpl.doCommand(BinderImpl.java:1313)
	at org.zkoss.bind.impl.BinderImpl.access$1500(BinderImpl.java:98)
	at org.zkoss.bind.impl.BinderImpl$CommandEventListener.onEvent0(BinderImpl.java:1197)
	at org.zkoss.bind.impl.BinderImpl$CommandEventListener.onEvent(BinderImpl.java:1155)
	at org.zkoss.zk.ui.AbstractComponent.onEvent(AbstractComponent.java:2742)
	at org.zkoss.zk.ui.AbstractComponent.service(AbstractComponent.java:2713)
	at org.zkoss.zk.ui.AbstractComponent.service(AbstractComponent.java:2654)
	at org.zkoss.zk.ui.impl.EventProcessor.process(EventProcessor.java:136)
	at org.zkoss.zk.ui.impl.UiEngineImpl.processEvent(UiEngineImpl.java:1710)
	at org.zkoss.zk.ui.impl.UiEngineImpl.process(UiEngineImpl.java:1495)
	at org.zkoss.zk.ui.impl.UiEngineImpl.execUpdate(UiEngineImpl.java:1205)
	at org.zkoss.zk.au.http.DHtmlUpdateServlet.process(DHtmlUpdateServlet.java:583)
	at org.zkoss.zk.au.http.DHtmlUpdateServlet.doGet(DHtmlUpdateServlet.java:481)
	at org.zkoss.zk.au.http.DHtmlUpdateServlet.doPost(DHtmlUpdateServlet.java:489)
	at org.zkoss.zk.grails.web.ZULUrlMappingsFilter.processFilterChain(ZULUrlMappingsFilter.java:394)
	at org.zkoss.zk.grails.web.ZULUrlMappingsFilter.doFilterInternal(ZULUrlMappingsFilter.java:134)
	at org.zkoss.zk.grails.web.ZKGrailsPageFilter.doFilter(ZKGrailsPageFilter.java:204)
	at org.zkoss.zk.grails.web.ZKGrailsOpenSessionInViewFilter.doFilterInternal(ZKGrailsOpenSessionInViewFilter.java:37)
	at java.util.concurrent.ThreadPoolExecutor.runWorker(ThreadPoolExecutor.java:1145)
	at java.util.concurrent.ThreadPoolExecutor$Worker.run(ThreadPoolExecutor.java:615)
	at java.lang.Thread.run(Thread.java:722)
2014-03-12 22:35:28,397 [http-bio-8080-exec-4] ERROR StackTrace  - Full Stack Trace:
java.lang.IndexOutOfBoundsException: fromIndex = -8
	at java.util.ArrayList.subListRangeCheck(ArrayList.java:920)
	at java.util.ArrayList.subList(ArrayList.java:914)
	at ru.spb.soisbelle.zulModels.components.ShowcasePagingViewModel$$EOYJyLn2.moveCarousel(ShowcasePagingViewModel.groovy:157)
	at ru.spb.soisbelle.zulModels.components.ShowcasePagingViewModel$$EOYJyLn2.back(ShowcasePagingViewModel.groovy:152)
	at org.zkoss.bind.impl.ParamCall.call(ParamCall.java:111)
	at org.zkoss.bind.impl.BinderImpl.doExecute(BinderImpl.java:1520)
	at org.zkoss.bind.impl.BinderImpl.doCommand(BinderImpl.java:1313)
	at org.zkoss.bind.impl.BinderImpl.access$1500(BinderImpl.java:98)
	at org.zkoss.bind.impl.BinderImpl$CommandEventListener.onEvent0(BinderImpl.java:1197)
	at org.zkoss.bind.impl.BinderImpl$CommandEventListener.onEvent(BinderImpl.java:1155)
	at org.zkoss.zk.ui.AbstractComponent.onEvent(AbstractComponent.java:2742)
	at org.zkoss.zk.ui.AbstractComponent.service(AbstractComponent.java:2713)
	at org.zkoss.zk.ui.AbstractComponent.service(AbstractComponent.java:2654)
	at org.zkoss.zk.ui.impl.EventProcessor.process(EventProcessor.java:136)
	at org.zkoss.zk.ui.impl.UiEngineImpl.processEvent(UiEngineImpl.java:1710)
	at org.zkoss.zk.ui.impl.UiEngineImpl.process(UiEngineImpl.java:1495)
	at org.zkoss.zk.ui.impl.UiEngineImpl.execUpdate(UiEngineImpl.java:1205)
	at org.zkoss.zk.au.http.DHtmlUpdateServlet.process(DHtmlUpdateServlet.java:583)
	at org.zkoss.zk.au.http.DHtmlUpdateServlet.doGet(DHtmlUpdateServlet.java:481)
	at org.zkoss.zk.au.http.DHtmlUpdateServlet.doPost(DHtmlUpdateServlet.java:489)
	at org.zkoss.zk.grails.web.ZULUrlMappingsFilter.processFilterChain(ZULUrlMappingsFilter.java:394)
	at org.zkoss.zk.grails.web.ZULUrlMappingsFilter.doFilterInternal(ZULUrlMappingsFilter.java:134)
	at org.zkoss.zk.grails.web.ZKGrailsPageFilter.doFilter(ZKGrailsPageFilter.java:204)
	at org.zkoss.zk.grails.web.ZKGrailsOpenSessionInViewFilter.doFilterInternal(ZKGrailsOpenSessionInViewFilter.java:37)
	at java.util.concurrent.ThreadPoolExecutor.runWorker(ThreadPoolExecutor.java:1145)
	at java.util.concurrent.ThreadPoolExecutor$Worker.run(ThreadPoolExecutor.java:615)
	at java.lang.Thread.run(Thread.java:722)
2014-03-12 22:35:28,398 [http-bio-8080-exec-4] ERROR StackTrace  - Full Stack Trace:
java.lang.IndexOutOfBoundsException: fromIndex = -8
	at java.util.ArrayList.subListRangeCheck(ArrayList.java:920)
	at java.util.ArrayList.subList(ArrayList.java:914)
	at ru.spb.soisbelle.zulModels.components.ShowcasePagingViewModel$$EOYJyLn2.moveCarousel(ShowcasePagingViewModel.groovy:157)
	at ru.spb.soisbelle.zulModels.components.ShowcasePagingViewModel$$EOYJyLn2.back(ShowcasePagingViewModel.groovy:152)
	at org.zkoss.bind.impl.ParamCall.call(ParamCall.java:111)
	at org.zkoss.bind.impl.BinderImpl.doExecute(BinderImpl.java:1520)
	at org.zkoss.bind.impl.BinderImpl.doCommand(BinderImpl.java:1313)
	at org.zkoss.bind.impl.BinderImpl.access$1500(BinderImpl.java:98)
	at org.zkoss.bind.impl.BinderImpl$CommandEventListener.onEvent0(BinderImpl.java:1197)
	at org.zkoss.bind.impl.BinderImpl$CommandEventListener.onEvent(BinderImpl.java:1155)
	at org.zkoss.zk.ui.AbstractComponent.onEvent(AbstractComponent.java:2742)
	at org.zkoss.zk.ui.AbstractComponent.service(AbstractComponent.java:2713)
	at org.zkoss.zk.ui.AbstractComponent.service(AbstractComponent.java:2654)
	at org.zkoss.zk.ui.impl.EventProcessor.process(EventProcessor.java:136)
	at org.zkoss.zk.ui.impl.UiEngineImpl.processEvent(UiEngineImpl.java:1710)
	at org.zkoss.zk.ui.impl.UiEngineImpl.process(UiEngineImpl.java:1495)
	at org.zkoss.zk.ui.impl.UiEngineImpl.execUpdate(UiEngineImpl.java:1205)
	at org.zkoss.zk.au.http.DHtmlUpdateServlet.process(DHtmlUpdateServlet.java:583)
	at org.zkoss.zk.au.http.DHtmlUpdateServlet.doGet(DHtmlUpdateServlet.java:481)
	at org.zkoss.zk.au.http.DHtmlUpdateServlet.doPost(DHtmlUpdateServlet.java:489)
	at org.zkoss.zk.grails.web.ZULUrlMappingsFilter.processFilterChain(ZULUrlMappingsFilter.java:394)
	at org.zkoss.zk.grails.web.ZULUrlMappingsFilter.doFilterInternal(ZULUrlMappingsFilter.java:134)
	at org.zkoss.zk.grails.web.ZKGrailsPageFilter.doFilter(ZKGrailsPageFilter.java:204)
	at org.zkoss.zk.grails.web.ZKGrailsOpenSessionInViewFilter.doFilterInternal(ZKGrailsOpenSessionInViewFilter.java:37)
	at java.util.concurrent.ThreadPoolExecutor.runWorker(ThreadPoolExecutor.java:1145)
	at java.util.concurrent.ThreadPoolExecutor$Worker.run(ThreadPoolExecutor.java:615)
	at java.lang.Thread.run(Thread.java:722)
2014-03-12 22:35:28,511 [http-bio-8080-exec-4] ERROR StackTrace  - Full Stack Trace:
java.lang.IndexOutOfBoundsException: fromIndex = -8
	at java.util.ArrayList.subListRangeCheck(ArrayList.java:920)
	at java.util.ArrayList.subList(ArrayList.java:914)
	at ru.spb.soisbelle.zulModels.components.ShowcasePagingViewModel$$EOYJyLn2.moveCarousel(ShowcasePagingViewModel.groovy:157)
	at ru.spb.soisbelle.zulModels.components.ShowcasePagingViewModel$$EOYJyLn2.back(ShowcasePagingViewModel.groovy:152)
	at org.zkoss.bind.impl.ParamCall.call(ParamCall.java:111)
	at org.zkoss.bind.impl.BinderImpl.doExecute(BinderImpl.java:1520)
	at org.zkoss.bind.impl.BinderImpl.doCommand(BinderImpl.java:1313)
	at org.zkoss.bind.impl.BinderImpl.access$1500(BinderImpl.java:98)
	at org.zkoss.bind.impl.BinderImpl$CommandEventListener.onEvent0(BinderImpl.java:1197)
	at org.zkoss.bind.impl.BinderImpl$CommandEventListener.onEvent(BinderImpl.java:1155)
	at org.zkoss.zk.ui.AbstractComponent.onEvent(AbstractComponent.java:2742)
	at org.zkoss.zk.ui.AbstractComponent.service(AbstractComponent.java:2713)
	at org.zkoss.zk.ui.AbstractComponent.service(AbstractComponent.java:2654)
	at org.zkoss.zk.ui.impl.EventProcessor.process(EventProcessor.java:136)
	at org.zkoss.zk.ui.impl.UiEngineImpl.processEvent(UiEngineImpl.java:1710)
	at org.zkoss.zk.ui.impl.UiEngineImpl.process(UiEngineImpl.java:1495)
	at org.zkoss.zk.ui.impl.UiEngineImpl.execUpdate(UiEngineImpl.java:1205)
	at org.zkoss.zk.au.http.DHtmlUpdateServlet.process(DHtmlUpdateServlet.java:583)
	at org.zkoss.zk.au.http.DHtmlUpdateServlet.doGet(DHtmlUpdateServlet.java:481)
	at org.zkoss.zk.au.http.DHtmlUpdateServlet.doPost(DHtmlUpdateServlet.java:489)
	at org.zkoss.zk.grails.web.ZULUrlMappingsFilter.processFilterChain(ZULUrlMappingsFilter.java:394)
	at org.zkoss.zk.grails.web.ZULUrlMappingsFilter.doFilterInternal(ZULUrlMappingsFilter.java:134)
	at org.zkoss.zk.grails.web.ZKGrailsPageFilter.doFilter(ZKGrailsPageFilter.java:204)
	at org.zkoss.zk.grails.web.ZKGrailsOpenSessionInViewFilter.doFilterInternal(ZKGrailsOpenSessionInViewFilter.java:37)
	at java.util.concurrent.ThreadPoolExecutor.runWorker(ThreadPoolExecutor.java:1145)
	at java.util.concurrent.ThreadPoolExecutor$Worker.run(ThreadPoolExecutor.java:615)
	at java.lang.Thread.run(Thread.java:722)
2014-03-12 22:35:28,512 [http-bio-8080-exec-4] ERROR StackTrace  - Full Stack Trace:
java.lang.IndexOutOfBoundsException: fromIndex = -8
	at java.util.ArrayList.subListRangeCheck(ArrayList.java:920)
	at java.util.ArrayList.subList(ArrayList.java:914)
	at ru.spb.soisbelle.zulModels.components.ShowcasePagingViewModel$$EOYJyLn2.moveCarousel(ShowcasePagingViewModel.groovy:157)
	at ru.spb.soisbelle.zulModels.components.ShowcasePagingViewModel$$EOYJyLn2.back(ShowcasePagingViewModel.groovy:152)
	at org.zkoss.bind.impl.ParamCall.call(ParamCall.java:111)
	at org.zkoss.bind.impl.BinderImpl.doExecute(BinderImpl.java:1520)
	at org.zkoss.bind.impl.BinderImpl.doCommand(BinderImpl.java:1313)
	at org.zkoss.bind.impl.BinderImpl.access$1500(BinderImpl.java:98)
	at org.zkoss.bind.impl.BinderImpl$CommandEventListener.onEvent0(BinderImpl.java:1197)
	at org.zkoss.bind.impl.BinderImpl$CommandEventListener.onEvent(BinderImpl.java:1155)
	at org.zkoss.zk.ui.AbstractComponent.onEvent(AbstractComponent.java:2742)
	at org.zkoss.zk.ui.AbstractComponent.service(AbstractComponent.java:2713)
	at org.zkoss.zk.ui.AbstractComponent.service(AbstractComponent.java:2654)
	at org.zkoss.zk.ui.impl.EventProcessor.process(EventProcessor.java:136)
	at org.zkoss.zk.ui.impl.UiEngineImpl.processEvent(UiEngineImpl.java:1710)
	at org.zkoss.zk.ui.impl.UiEngineImpl.process(UiEngineImpl.java:1495)
	at org.zkoss.zk.ui.impl.UiEngineImpl.execUpdate(UiEngineImpl.java:1205)
	at org.zkoss.zk.au.http.DHtmlUpdateServlet.process(DHtmlUpdateServlet.java:583)
	at org.zkoss.zk.au.http.DHtmlUpdateServlet.doGet(DHtmlUpdateServlet.java:481)
	at org.zkoss.zk.au.http.DHtmlUpdateServlet.doPost(DHtmlUpdateServlet.java:489)
	at org.zkoss.zk.grails.web.ZULUrlMappingsFilter.processFilterChain(ZULUrlMappingsFilter.java:394)
	at org.zkoss.zk.grails.web.ZULUrlMappingsFilter.doFilterInternal(ZULUrlMappingsFilter.java:134)
	at org.zkoss.zk.grails.web.ZKGrailsPageFilter.doFilter(ZKGrailsPageFilter.java:204)
	at org.zkoss.zk.grails.web.ZKGrailsOpenSessionInViewFilter.doFilterInternal(ZKGrailsOpenSessionInViewFilter.java:37)
	at java.util.concurrent.ThreadPoolExecutor.runWorker(ThreadPoolExecutor.java:1145)
	at java.util.concurrent.ThreadPoolExecutor$Worker.run(ThreadPoolExecutor.java:615)
	at java.lang.Thread.run(Thread.java:722)
2014-03-12 22:35:28,513 [http-bio-8080-exec-4] ERROR StackTrace  - Full Stack Trace:
java.lang.IndexOutOfBoundsException: fromIndex = -8
	at java.util.ArrayList.subListRangeCheck(ArrayList.java:920)
	at java.util.ArrayList.subList(ArrayList.java:914)
	at ru.spb.soisbelle.zulModels.components.ShowcasePagingViewModel$$EOYJyLn2.moveCarousel(ShowcasePagingViewModel.groovy:157)
	at ru.spb.soisbelle.zulModels.components.ShowcasePagingViewModel$$EOYJyLn2.back(ShowcasePagingViewModel.groovy:152)
	at org.zkoss.bind.impl.ParamCall.call(ParamCall.java:111)
	at org.zkoss.bind.impl.BinderImpl.doExecute(BinderImpl.java:1520)
	at org.zkoss.bind.impl.BinderImpl.doCommand(BinderImpl.java:1313)
	at org.zkoss.bind.impl.BinderImpl.access$1500(BinderImpl.java:98)
	at org.zkoss.bind.impl.BinderImpl$CommandEventListener.onEvent0(BinderImpl.java:1197)
	at org.zkoss.bind.impl.BinderImpl$CommandEventListener.onEvent(BinderImpl.java:1155)
	at org.zkoss.zk.ui.AbstractComponent.onEvent(AbstractComponent.java:2742)
	at org.zkoss.zk.ui.AbstractComponent.service(AbstractComponent.java:2713)
	at org.zkoss.zk.ui.AbstractComponent.service(AbstractComponent.java:2654)
	at org.zkoss.zk.ui.impl.EventProcessor.process(EventProcessor.java:136)
	at org.zkoss.zk.ui.impl.UiEngineImpl.processEvent(UiEngineImpl.java:1710)
	at org.zkoss.zk.ui.impl.UiEngineImpl.process(UiEngineImpl.java:1495)
	at org.zkoss.zk.ui.impl.UiEngineImpl.execUpdate(UiEngineImpl.java:1205)
	at org.zkoss.zk.au.http.DHtmlUpdateServlet.process(DHtmlUpdateServlet.java:583)
	at org.zkoss.zk.au.http.DHtmlUpdateServlet.doGet(DHtmlUpdateServlet.java:481)
	at org.zkoss.zk.au.http.DHtmlUpdateServlet.doPost(DHtmlUpdateServlet.java:489)
	at org.zkoss.zk.grails.web.ZULUrlMappingsFilter.processFilterChain(ZULUrlMappingsFilter.java:394)
	at org.zkoss.zk.grails.web.ZULUrlMappingsFilter.doFilterInternal(ZULUrlMappingsFilter.java:134)
	at org.zkoss.zk.grails.web.ZKGrailsPageFilter.doFilter(ZKGrailsPageFilter.java:204)
	at org.zkoss.zk.grails.web.ZKGrailsOpenSessionInViewFilter.doFilterInternal(ZKGrailsOpenSessionInViewFilter.java:37)
	at java.util.concurrent.ThreadPoolExecutor.runWorker(ThreadPoolExecutor.java:1145)
	at java.util.concurrent.ThreadPoolExecutor$Worker.run(ThreadPoolExecutor.java:615)
	at java.lang.Thread.run(Thread.java:722)
2014-03-12 22:35:28,514 [http-bio-8080-exec-4] ERROR StackTrace  - Full Stack Trace:
java.lang.IndexOutOfBoundsException: fromIndex = -8
	at java.util.ArrayList.subListRangeCheck(ArrayList.java:920)
	at java.util.ArrayList.subList(ArrayList.java:914)
	at ru.spb.soisbelle.zulModels.components.ShowcasePagingViewModel$$EOYJyLn2.moveCarousel(ShowcasePagingViewModel.groovy:157)
	at ru.spb.soisbelle.zulModels.components.ShowcasePagingViewModel$$EOYJyLn2.back(ShowcasePagingViewModel.groovy:152)
	at org.zkoss.bind.impl.ParamCall.call(ParamCall.java:111)
	at org.zkoss.bind.impl.BinderImpl.doExecute(BinderImpl.java:1520)
	at org.zkoss.bind.impl.BinderImpl.doCommand(BinderImpl.java:1313)
	at org.zkoss.bind.impl.BinderImpl.access$1500(BinderImpl.java:98)
	at org.zkoss.bind.impl.BinderImpl$CommandEventListener.onEvent0(BinderImpl.java:1197)
	at org.zkoss.bind.impl.BinderImpl$CommandEventListener.onEvent(BinderImpl.java:1155)
	at org.zkoss.zk.ui.AbstractComponent.onEvent(AbstractComponent.java:2742)
	at org.zkoss.zk.ui.AbstractComponent.service(AbstractComponent.java:2713)
	at org.zkoss.zk.ui.AbstractComponent.service(AbstractComponent.java:2654)
	at org.zkoss.zk.ui.impl.EventProcessor.process(EventProcessor.java:136)
	at org.zkoss.zk.ui.impl.UiEngineImpl.processEvent(UiEngineImpl.java:1710)
	at org.zkoss.zk.ui.impl.UiEngineImpl.process(UiEngineImpl.java:1495)
	at org.zkoss.zk.ui.impl.UiEngineImpl.execUpdate(UiEngineImpl.java:1205)
	at org.zkoss.zk.au.http.DHtmlUpdateServlet.process(DHtmlUpdateServlet.java:583)
	at org.zkoss.zk.au.http.DHtmlUpdateServlet.doGet(DHtmlUpdateServlet.java:481)
	at org.zkoss.zk.au.http.DHtmlUpdateServlet.doPost(DHtmlUpdateServlet.java:489)
	at org.zkoss.zk.grails.web.ZULUrlMappingsFilter.processFilterChain(ZULUrlMappingsFilter.java:394)
	at org.zkoss.zk.grails.web.ZULUrlMappingsFilter.doFilterInternal(ZULUrlMappingsFilter.java:134)
	at org.zkoss.zk.grails.web.ZKGrailsPageFilter.doFilter(ZKGrailsPageFilter.java:204)
	at org.zkoss.zk.grails.web.ZKGrailsOpenSessionInViewFilter.doFilterInternal(ZKGrailsOpenSessionInViewFilter.java:37)
	at java.util.concurrent.ThreadPoolExecutor.runWorker(ThreadPoolExecutor.java:1145)
	at java.util.concurrent.ThreadPoolExecutor$Worker.run(ThreadPoolExecutor.java:615)
	at java.lang.Thread.run(Thread.java:722)
2014-03-12 22:37:52,626 [http-bio-8080-exec-3] ERROR StackTrace  - Full Stack Trace:
java.lang.IndexOutOfBoundsException: fromIndex = -8
	at java.util.ArrayList.subListRangeCheck(ArrayList.java:920)
	at java.util.ArrayList.subList(ArrayList.java:914)
	at java_util_List$subList.call(Unknown Source)
	at ru.spb.soisbelle.zulModels.components.ShowcasePagingViewModel$$EOYJynlw.moveCarousel(ShowcasePagingViewModel.groovy:160)
	at ru.spb.soisbelle.zulModels.components.ShowcasePagingViewModel$$DOYJynlw.moveCarousel(Unknown Source)
	at ru.spb.soisbelle.zulModels.components.ShowcasePagingViewModel.moveCarousel(ShowcasePagingViewModel.groovy)
	at ru.spb.soisbelle.zulModels.components.ShowcasePagingViewModel$moveCarousel.callCurrent(Unknown Source)
	at ru.spb.soisbelle.zulModels.components.ShowcasePagingViewModel$$EOYJynlw.back(ShowcasePagingViewModel.groovy:155)
	at sun.reflect.NativeMethodAccessorImpl.invoke0(Native Method)
	at sun.reflect.NativeMethodAccessorImpl.invoke(NativeMethodAccessorImpl.java:57)
	at sun.reflect.DelegatingMethodAccessorImpl.invoke(DelegatingMethodAccessorImpl.java:43)
	at java.lang.reflect.Method.invoke(Method.java:601)
	at org.springsource.loaded.ri.ReloadedTypeInvoker$2.invoke(ReloadedTypeInvoker.java:122)
	at org.springsource.loaded.ri.ReflectiveInterceptor.jlrMethodInvoke(ReflectiveInterceptor.java:1272)
	at org.zkoss.bind.impl.ParamCall.call(ParamCall.java:111)
	at org.zkoss.bind.impl.BinderImpl.doExecute(BinderImpl.java:1520)
	at org.zkoss.bind.impl.BinderImpl.doCommand(BinderImpl.java:1313)
	at org.zkoss.bind.impl.BinderImpl.access$1500(BinderImpl.java:98)
	at org.zkoss.bind.impl.BinderImpl$CommandEventListener.onEvent0(BinderImpl.java:1197)
	at org.zkoss.bind.impl.BinderImpl$CommandEventListener.onEvent(BinderImpl.java:1155)
	at org.zkoss.zk.ui.AbstractComponent.onEvent(AbstractComponent.java:2742)
	at org.zkoss.zk.ui.AbstractComponent.service(AbstractComponent.java:2713)
	at org.zkoss.zk.ui.AbstractComponent.service(AbstractComponent.java:2654)
	at org.zkoss.zk.ui.impl.EventProcessor.process(EventProcessor.java:136)
	at org.zkoss.zk.ui.impl.UiEngineImpl.processEvent(UiEngineImpl.java:1710)
	at org.zkoss.zk.ui.impl.UiEngineImpl.process(UiEngineImpl.java:1495)
	at org.zkoss.zk.ui.impl.UiEngineImpl.execUpdate(UiEngineImpl.java:1205)
	at org.zkoss.zk.au.http.DHtmlUpdateServlet.process(DHtmlUpdateServlet.java:583)
	at org.zkoss.zk.au.http.DHtmlUpdateServlet.doGet(DHtmlUpdateServlet.java:481)
	at org.zkoss.zk.au.http.DHtmlUpdateServlet.doPost(DHtmlUpdateServlet.java:489)
	at javax.servlet.http.HttpServlet.service(HttpServlet.java:641)
	at javax.servlet.http.HttpServlet.service(HttpServlet.java:722)
	at org.apache.catalina.core.ApplicationFilterChain.internalDoFilter(ApplicationFilterChain.java:305)
	at org.apache.catalina.core.ApplicationFilterChain.doFilter(ApplicationFilterChain.java:210)
	at org.zkoss.zk.grails.web.ZULUrlMappingsFilter.processFilterChain(ZULUrlMappingsFilter.java:394)
	at org.zkoss.zk.grails.web.ZULUrlMappingsFilter.doFilterInternal(ZULUrlMappingsFilter.java:134)
	at org.springframework.web.filter.OncePerRequestFilter.doFilter(OncePerRequestFilter.java:76)
	at org.apache.catalina.core.ApplicationFilterChain.internalDoFilter(ApplicationFilterChain.java:243)
	at org.apache.catalina.core.ApplicationFilterChain.doFilter(ApplicationFilterChain.java:210)
	at org.zkoss.zk.grails.web.ZKGrailsPageFilter.doFilter(ZKGrailsPageFilter.java:204)
	at org.apache.catalina.core.ApplicationFilterChain.internalDoFilter(ApplicationFilterChain.java:243)
	at org.apache.catalina.core.ApplicationFilterChain.doFilter(ApplicationFilterChain.java:210)
	at javax.servlet.FilterChain$doFilter.call(Unknown Source)
	at org.grails.plugin.resource.DevModeSanityFilter.doFilter(DevModeSanityFilter.groovy:44)
	at org.apache.catalina.core.ApplicationFilterChain.internalDoFilter(ApplicationFilterChain.java:243)
	at org.apache.catalina.core.ApplicationFilterChain.doFilter(ApplicationFilterChain.java:210)
	at org.codehaus.groovy.grails.web.servlet.mvc.GrailsWebRequestFilter.doFilterInternal(GrailsWebRequestFilter.java:69)
	at org.springframework.web.filter.OncePerRequestFilter.doFilter(OncePerRequestFilter.java:76)
	at org.apache.catalina.core.ApplicationFilterChain.internalDoFilter(ApplicationFilterChain.java:243)
	at org.apache.catalina.core.ApplicationFilterChain.doFilter(ApplicationFilterChain.java:210)
	at org.codehaus.groovy.grails.web.filters.HiddenHttpMethodFilter.doFilterInternal(HiddenHttpMethodFilter.java:66)
	at org.springframework.web.filter.OncePerRequestFilter.doFilter(OncePerRequestFilter.java:76)
	at org.apache.catalina.core.ApplicationFilterChain.internalDoFilter(ApplicationFilterChain.java:243)
	at org.apache.catalina.core.ApplicationFilterChain.doFilter(ApplicationFilterChain.java:210)
	at org.zkoss.zk.grails.web.ZKGrailsOpenSessionInViewFilter.doFilterInternal(ZKGrailsOpenSessionInViewFilter.java:37)
	at org.springframework.web.filter.OncePerRequestFilter.doFilter(OncePerRequestFilter.java:76)
	at org.apache.catalina.core.ApplicationFilterChain.internalDoFilter(ApplicationFilterChain.java:243)
	at org.apache.catalina.core.ApplicationFilterChain.doFilter(ApplicationFilterChain.java:210)
	at org.springframework.web.filter.CharacterEncodingFilter.doFilterInternal(CharacterEncodingFilter.java:88)
	at org.springframework.web.filter.OncePerRequestFilter.doFilter(OncePerRequestFilter.java:76)
	at org.springframework.web.filter.DelegatingFilterProxy.invokeDelegate(DelegatingFilterProxy.java:346)
	at org.springframework.web.filter.DelegatingFilterProxy.doFilter(DelegatingFilterProxy.java:259)
	at org.apache.catalina.core.ApplicationFilterChain.internalDoFilter(ApplicationFilterChain.java:243)
	at org.apache.catalina.core.ApplicationFilterChain.doFilter(ApplicationFilterChain.java:210)
	at org.apache.catalina.core.StandardWrapperValve.invoke(StandardWrapperValve.java:222)
	at org.apache.catalina.core.StandardContextValve.invoke(StandardContextValve.java:123)
	at org.apache.catalina.core.StandardHostValve.invoke(StandardHostValve.java:168)
	at org.apache.catalina.valves.ErrorReportValve.invoke(ErrorReportValve.java:99)
	at org.apache.catalina.core.StandardEngineValve.invoke(StandardEngineValve.java:118)
	at org.apache.catalina.connector.CoyoteAdapter.service(CoyoteAdapter.java:407)
	at org.apache.coyote.http11.AbstractHttp11Processor.process(AbstractHttp11Processor.java:1002)
	at org.apache.coyote.AbstractProtocol$AbstractConnectionHandler.process(AbstractProtocol.java:585)
	at org.apache.tomcat.util.net.JIoEndpoint$SocketProcessor.run(JIoEndpoint.java:312)
	at java.util.concurrent.ThreadPoolExecutor.runWorker(ThreadPoolExecutor.java:1145)
	at java.util.concurrent.ThreadPoolExecutor$Worker.run(ThreadPoolExecutor.java:615)
	at java.lang.Thread.run(Thread.java:722)
2014-03-12 22:37:52,630 [http-bio-8080-exec-3] ERROR StackTrace  - Full Stack Trace:
java.lang.IndexOutOfBoundsException: fromIndex = -8
	at java.util.ArrayList.subListRangeCheck(ArrayList.java:920)
	at java.util.ArrayList.subList(ArrayList.java:914)
	at ru.spb.soisbelle.zulModels.components.ShowcasePagingViewModel$$EOYJynlw.moveCarousel(ShowcasePagingViewModel.groovy:160)
	at ru.spb.soisbelle.zulModels.components.ShowcasePagingViewModel$$EOYJynlw.back(ShowcasePagingViewModel.groovy:155)
	at org.zkoss.bind.impl.ParamCall.call(ParamCall.java:111)
	at org.zkoss.bind.impl.BinderImpl.doExecute(BinderImpl.java:1520)
	at org.zkoss.bind.impl.BinderImpl.doCommand(BinderImpl.java:1313)
	at org.zkoss.bind.impl.BinderImpl.access$1500(BinderImpl.java:98)
	at org.zkoss.bind.impl.BinderImpl$CommandEventListener.onEvent0(BinderImpl.java:1197)
	at org.zkoss.bind.impl.BinderImpl$CommandEventListener.onEvent(BinderImpl.java:1155)
	at org.zkoss.zk.ui.AbstractComponent.onEvent(AbstractComponent.java:2742)
	at org.zkoss.zk.ui.AbstractComponent.service(AbstractComponent.java:2713)
	at org.zkoss.zk.ui.AbstractComponent.service(AbstractComponent.java:2654)
	at org.zkoss.zk.ui.impl.EventProcessor.process(EventProcessor.java:136)
	at org.zkoss.zk.ui.impl.UiEngineImpl.processEvent(UiEngineImpl.java:1710)
	at org.zkoss.zk.ui.impl.UiEngineImpl.process(UiEngineImpl.java:1495)
	at org.zkoss.zk.ui.impl.UiEngineImpl.execUpdate(UiEngineImpl.java:1205)
	at org.zkoss.zk.au.http.DHtmlUpdateServlet.process(DHtmlUpdateServlet.java:583)
	at org.zkoss.zk.au.http.DHtmlUpdateServlet.doGet(DHtmlUpdateServlet.java:481)
	at org.zkoss.zk.au.http.DHtmlUpdateServlet.doPost(DHtmlUpdateServlet.java:489)
	at org.zkoss.zk.grails.web.ZULUrlMappingsFilter.processFilterChain(ZULUrlMappingsFilter.java:394)
	at org.zkoss.zk.grails.web.ZULUrlMappingsFilter.doFilterInternal(ZULUrlMappingsFilter.java:134)
	at org.zkoss.zk.grails.web.ZKGrailsPageFilter.doFilter(ZKGrailsPageFilter.java:204)
	at org.zkoss.zk.grails.web.ZKGrailsOpenSessionInViewFilter.doFilterInternal(ZKGrailsOpenSessionInViewFilter.java:37)
	at java.util.concurrent.ThreadPoolExecutor.runWorker(ThreadPoolExecutor.java:1145)
	at java.util.concurrent.ThreadPoolExecutor$Worker.run(ThreadPoolExecutor.java:615)
	at java.lang.Thread.run(Thread.java:722)
2014-03-12 22:37:52,631 [http-bio-8080-exec-3] ERROR StackTrace  - Full Stack Trace:
java.lang.IndexOutOfBoundsException: fromIndex = -8
	at java.util.ArrayList.subListRangeCheck(ArrayList.java:920)
	at java.util.ArrayList.subList(ArrayList.java:914)
	at ru.spb.soisbelle.zulModels.components.ShowcasePagingViewModel$$EOYJynlw.moveCarousel(ShowcasePagingViewModel.groovy:160)
	at ru.spb.soisbelle.zulModels.components.ShowcasePagingViewModel$$EOYJynlw.back(ShowcasePagingViewModel.groovy:155)
	at org.zkoss.bind.impl.ParamCall.call(ParamCall.java:111)
	at org.zkoss.bind.impl.BinderImpl.doExecute(BinderImpl.java:1520)
	at org.zkoss.bind.impl.BinderImpl.doCommand(BinderImpl.java:1313)
	at org.zkoss.bind.impl.BinderImpl.access$1500(BinderImpl.java:98)
	at org.zkoss.bind.impl.BinderImpl$CommandEventListener.onEvent0(BinderImpl.java:1197)
	at org.zkoss.bind.impl.BinderImpl$CommandEventListener.onEvent(BinderImpl.java:1155)
	at org.zkoss.zk.ui.AbstractComponent.onEvent(AbstractComponent.java:2742)
	at org.zkoss.zk.ui.AbstractComponent.service(AbstractComponent.java:2713)
	at org.zkoss.zk.ui.AbstractComponent.service(AbstractComponent.java:2654)
	at org.zkoss.zk.ui.impl.EventProcessor.process(EventProcessor.java:136)
	at org.zkoss.zk.ui.impl.UiEngineImpl.processEvent(UiEngineImpl.java:1710)
	at org.zkoss.zk.ui.impl.UiEngineImpl.process(UiEngineImpl.java:1495)
	at org.zkoss.zk.ui.impl.UiEngineImpl.execUpdate(UiEngineImpl.java:1205)
	at org.zkoss.zk.au.http.DHtmlUpdateServlet.process(DHtmlUpdateServlet.java:583)
	at org.zkoss.zk.au.http.DHtmlUpdateServlet.doGet(DHtmlUpdateServlet.java:481)
	at org.zkoss.zk.au.http.DHtmlUpdateServlet.doPost(DHtmlUpdateServlet.java:489)
	at org.zkoss.zk.grails.web.ZULUrlMappingsFilter.processFilterChain(ZULUrlMappingsFilter.java:394)
	at org.zkoss.zk.grails.web.ZULUrlMappingsFilter.doFilterInternal(ZULUrlMappingsFilter.java:134)
	at org.zkoss.zk.grails.web.ZKGrailsPageFilter.doFilter(ZKGrailsPageFilter.java:204)
	at org.zkoss.zk.grails.web.ZKGrailsOpenSessionInViewFilter.doFilterInternal(ZKGrailsOpenSessionInViewFilter.java:37)
	at java.util.concurrent.ThreadPoolExecutor.runWorker(ThreadPoolExecutor.java:1145)
	at java.util.concurrent.ThreadPoolExecutor$Worker.run(ThreadPoolExecutor.java:615)
	at java.lang.Thread.run(Thread.java:722)
2014-03-12 22:37:52,632 [http-bio-8080-exec-3] ERROR StackTrace  - Full Stack Trace:
java.lang.IndexOutOfBoundsException: fromIndex = -8
	at java.util.ArrayList.subListRangeCheck(ArrayList.java:920)
	at java.util.ArrayList.subList(ArrayList.java:914)
	at ru.spb.soisbelle.zulModels.components.ShowcasePagingViewModel$$EOYJynlw.moveCarousel(ShowcasePagingViewModel.groovy:160)
	at ru.spb.soisbelle.zulModels.components.ShowcasePagingViewModel$$EOYJynlw.back(ShowcasePagingViewModel.groovy:155)
	at org.zkoss.bind.impl.ParamCall.call(ParamCall.java:111)
	at org.zkoss.bind.impl.BinderImpl.doExecute(BinderImpl.java:1520)
	at org.zkoss.bind.impl.BinderImpl.doCommand(BinderImpl.java:1313)
	at org.zkoss.bind.impl.BinderImpl.access$1500(BinderImpl.java:98)
	at org.zkoss.bind.impl.BinderImpl$CommandEventListener.onEvent0(BinderImpl.java:1197)
	at org.zkoss.bind.impl.BinderImpl$CommandEventListener.onEvent(BinderImpl.java:1155)
	at org.zkoss.zk.ui.AbstractComponent.onEvent(AbstractComponent.java:2742)
	at org.zkoss.zk.ui.AbstractComponent.service(AbstractComponent.java:2713)
	at org.zkoss.zk.ui.AbstractComponent.service(AbstractComponent.java:2654)
	at org.zkoss.zk.ui.impl.EventProcessor.process(EventProcessor.java:136)
	at org.zkoss.zk.ui.impl.UiEngineImpl.processEvent(UiEngineImpl.java:1710)
	at org.zkoss.zk.ui.impl.UiEngineImpl.process(UiEngineImpl.java:1495)
	at org.zkoss.zk.ui.impl.UiEngineImpl.execUpdate(UiEngineImpl.java:1205)
	at org.zkoss.zk.au.http.DHtmlUpdateServlet.process(DHtmlUpdateServlet.java:583)
	at org.zkoss.zk.au.http.DHtmlUpdateServlet.doGet(DHtmlUpdateServlet.java:481)
	at org.zkoss.zk.au.http.DHtmlUpdateServlet.doPost(DHtmlUpdateServlet.java:489)
	at org.zkoss.zk.grails.web.ZULUrlMappingsFilter.processFilterChain(ZULUrlMappingsFilter.java:394)
	at org.zkoss.zk.grails.web.ZULUrlMappingsFilter.doFilterInternal(ZULUrlMappingsFilter.java:134)
	at org.zkoss.zk.grails.web.ZKGrailsPageFilter.doFilter(ZKGrailsPageFilter.java:204)
	at org.zkoss.zk.grails.web.ZKGrailsOpenSessionInViewFilter.doFilterInternal(ZKGrailsOpenSessionInViewFilter.java:37)
	at java.util.concurrent.ThreadPoolExecutor.runWorker(ThreadPoolExecutor.java:1145)
	at java.util.concurrent.ThreadPoolExecutor$Worker.run(ThreadPoolExecutor.java:615)
	at java.lang.Thread.run(Thread.java:722)
2014-03-12 22:37:52,640 [http-bio-8080-exec-3] ERROR StackTrace  - Full Stack Trace:
java.lang.IndexOutOfBoundsException: fromIndex = -8
	at java.util.ArrayList.subListRangeCheck(ArrayList.java:920)
	at java.util.ArrayList.subList(ArrayList.java:914)
	at ru.spb.soisbelle.zulModels.components.ShowcasePagingViewModel$$EOYJynlw.moveCarousel(ShowcasePagingViewModel.groovy:160)
	at ru.spb.soisbelle.zulModels.components.ShowcasePagingViewModel$$EOYJynlw.back(ShowcasePagingViewModel.groovy:155)
	at org.zkoss.bind.impl.ParamCall.call(ParamCall.java:111)
	at org.zkoss.bind.impl.BinderImpl.doExecute(BinderImpl.java:1520)
	at org.zkoss.bind.impl.BinderImpl.doCommand(BinderImpl.java:1313)
	at org.zkoss.bind.impl.BinderImpl.access$1500(BinderImpl.java:98)
	at org.zkoss.bind.impl.BinderImpl$CommandEventListener.onEvent0(BinderImpl.java:1197)
	at org.zkoss.bind.impl.BinderImpl$CommandEventListener.onEvent(BinderImpl.java:1155)
	at org.zkoss.zk.ui.AbstractComponent.onEvent(AbstractComponent.java:2742)
	at org.zkoss.zk.ui.AbstractComponent.service(AbstractComponent.java:2713)
	at org.zkoss.zk.ui.AbstractComponent.service(AbstractComponent.java:2654)
	at org.zkoss.zk.ui.impl.EventProcessor.process(EventProcessor.java:136)
	at org.zkoss.zk.ui.impl.UiEngineImpl.processEvent(UiEngineImpl.java:1710)
	at org.zkoss.zk.ui.impl.UiEngineImpl.process(UiEngineImpl.java:1495)
	at org.zkoss.zk.ui.impl.UiEngineImpl.execUpdate(UiEngineImpl.java:1205)
	at org.zkoss.zk.au.http.DHtmlUpdateServlet.process(DHtmlUpdateServlet.java:583)
	at org.zkoss.zk.au.http.DHtmlUpdateServlet.doGet(DHtmlUpdateServlet.java:481)
	at org.zkoss.zk.au.http.DHtmlUpdateServlet.doPost(DHtmlUpdateServlet.java:489)
	at org.zkoss.zk.grails.web.ZULUrlMappingsFilter.processFilterChain(ZULUrlMappingsFilter.java:394)
	at org.zkoss.zk.grails.web.ZULUrlMappingsFilter.doFilterInternal(ZULUrlMappingsFilter.java:134)
	at org.zkoss.zk.grails.web.ZKGrailsPageFilter.doFilter(ZKGrailsPageFilter.java:204)
	at org.zkoss.zk.grails.web.ZKGrailsOpenSessionInViewFilter.doFilterInternal(ZKGrailsOpenSessionInViewFilter.java:37)
	at java.util.concurrent.ThreadPoolExecutor.runWorker(ThreadPoolExecutor.java:1145)
	at java.util.concurrent.ThreadPoolExecutor$Worker.run(ThreadPoolExecutor.java:615)
	at java.lang.Thread.run(Thread.java:722)
2014-03-12 22:37:52,641 [http-bio-8080-exec-3] ERROR StackTrace  - Full Stack Trace:
java.lang.IndexOutOfBoundsException: fromIndex = -8
	at java.util.ArrayList.subListRangeCheck(ArrayList.java:920)
	at java.util.ArrayList.subList(ArrayList.java:914)
	at ru.spb.soisbelle.zulModels.components.ShowcasePagingViewModel$$EOYJynlw.moveCarousel(ShowcasePagingViewModel.groovy:160)
	at ru.spb.soisbelle.zulModels.components.ShowcasePagingViewModel$$EOYJynlw.back(ShowcasePagingViewModel.groovy:155)
	at org.zkoss.bind.impl.ParamCall.call(ParamCall.java:111)
	at org.zkoss.bind.impl.BinderImpl.doExecute(BinderImpl.java:1520)
	at org.zkoss.bind.impl.BinderImpl.doCommand(BinderImpl.java:1313)
	at org.zkoss.bind.impl.BinderImpl.access$1500(BinderImpl.java:98)
	at org.zkoss.bind.impl.BinderImpl$CommandEventListener.onEvent0(BinderImpl.java:1197)
	at org.zkoss.bind.impl.BinderImpl$CommandEventListener.onEvent(BinderImpl.java:1155)
	at org.zkoss.zk.ui.AbstractComponent.onEvent(AbstractComponent.java:2742)
	at org.zkoss.zk.ui.AbstractComponent.service(AbstractComponent.java:2713)
	at org.zkoss.zk.ui.AbstractComponent.service(AbstractComponent.java:2654)
	at org.zkoss.zk.ui.impl.EventProcessor.process(EventProcessor.java:136)
	at org.zkoss.zk.ui.impl.UiEngineImpl.processEvent(UiEngineImpl.java:1710)
	at org.zkoss.zk.ui.impl.UiEngineImpl.process(UiEngineImpl.java:1495)
	at org.zkoss.zk.ui.impl.UiEngineImpl.execUpdate(UiEngineImpl.java:1205)
	at org.zkoss.zk.au.http.DHtmlUpdateServlet.process(DHtmlUpdateServlet.java:583)
	at org.zkoss.zk.au.http.DHtmlUpdateServlet.doGet(DHtmlUpdateServlet.java:481)
	at org.zkoss.zk.au.http.DHtmlUpdateServlet.doPost(DHtmlUpdateServlet.java:489)
	at org.zkoss.zk.grails.web.ZULUrlMappingsFilter.processFilterChain(ZULUrlMappingsFilter.java:394)
	at org.zkoss.zk.grails.web.ZULUrlMappingsFilter.doFilterInternal(ZULUrlMappingsFilter.java:134)
	at org.zkoss.zk.grails.web.ZKGrailsPageFilter.doFilter(ZKGrailsPageFilter.java:204)
	at org.zkoss.zk.grails.web.ZKGrailsOpenSessionInViewFilter.doFilterInternal(ZKGrailsOpenSessionInViewFilter.java:37)
	at java.util.concurrent.ThreadPoolExecutor.runWorker(ThreadPoolExecutor.java:1145)
	at java.util.concurrent.ThreadPoolExecutor$Worker.run(ThreadPoolExecutor.java:615)
	at java.lang.Thread.run(Thread.java:722)
2014-03-12 22:37:52,641 [http-bio-8080-exec-3] ERROR StackTrace  - Full Stack Trace:
java.lang.IndexOutOfBoundsException: fromIndex = -8
	at java.util.ArrayList.subListRangeCheck(ArrayList.java:920)
	at java.util.ArrayList.subList(ArrayList.java:914)
	at ru.spb.soisbelle.zulModels.components.ShowcasePagingViewModel$$EOYJynlw.moveCarousel(ShowcasePagingViewModel.groovy:160)
	at ru.spb.soisbelle.zulModels.components.ShowcasePagingViewModel$$EOYJynlw.back(ShowcasePagingViewModel.groovy:155)
	at org.zkoss.bind.impl.ParamCall.call(ParamCall.java:111)
	at org.zkoss.bind.impl.BinderImpl.doExecute(BinderImpl.java:1520)
	at org.zkoss.bind.impl.BinderImpl.doCommand(BinderImpl.java:1313)
	at org.zkoss.bind.impl.BinderImpl.access$1500(BinderImpl.java:98)
	at org.zkoss.bind.impl.BinderImpl$CommandEventListener.onEvent0(BinderImpl.java:1197)
	at org.zkoss.bind.impl.BinderImpl$CommandEventListener.onEvent(BinderImpl.java:1155)
	at org.zkoss.zk.ui.AbstractComponent.onEvent(AbstractComponent.java:2742)
	at org.zkoss.zk.ui.AbstractComponent.service(AbstractComponent.java:2713)
	at org.zkoss.zk.ui.AbstractComponent.service(AbstractComponent.java:2654)
	at org.zkoss.zk.ui.impl.EventProcessor.process(EventProcessor.java:136)
	at org.zkoss.zk.ui.impl.UiEngineImpl.processEvent(UiEngineImpl.java:1710)
	at org.zkoss.zk.ui.impl.UiEngineImpl.process(UiEngineImpl.java:1495)
	at org.zkoss.zk.ui.impl.UiEngineImpl.execUpdate(UiEngineImpl.java:1205)
	at org.zkoss.zk.au.http.DHtmlUpdateServlet.process(DHtmlUpdateServlet.java:583)
	at org.zkoss.zk.au.http.DHtmlUpdateServlet.doGet(DHtmlUpdateServlet.java:481)
	at org.zkoss.zk.au.http.DHtmlUpdateServlet.doPost(DHtmlUpdateServlet.java:489)
	at org.zkoss.zk.grails.web.ZULUrlMappingsFilter.processFilterChain(ZULUrlMappingsFilter.java:394)
	at org.zkoss.zk.grails.web.ZULUrlMappingsFilter.doFilterInternal(ZULUrlMappingsFilter.java:134)
	at org.zkoss.zk.grails.web.ZKGrailsPageFilter.doFilter(ZKGrailsPageFilter.java:204)
	at org.zkoss.zk.grails.web.ZKGrailsOpenSessionInViewFilter.doFilterInternal(ZKGrailsOpenSessionInViewFilter.java:37)
	at java.util.concurrent.ThreadPoolExecutor.runWorker(ThreadPoolExecutor.java:1145)
	at java.util.concurrent.ThreadPoolExecutor$Worker.run(ThreadPoolExecutor.java:615)
	at java.lang.Thread.run(Thread.java:722)
2014-03-12 22:37:52,642 [http-bio-8080-exec-3] ERROR StackTrace  - Full Stack Trace:
java.lang.IndexOutOfBoundsException: fromIndex = -8
	at java.util.ArrayList.subListRangeCheck(ArrayList.java:920)
	at java.util.ArrayList.subList(ArrayList.java:914)
	at ru.spb.soisbelle.zulModels.components.ShowcasePagingViewModel$$EOYJynlw.moveCarousel(ShowcasePagingViewModel.groovy:160)
	at ru.spb.soisbelle.zulModels.components.ShowcasePagingViewModel$$EOYJynlw.back(ShowcasePagingViewModel.groovy:155)
	at org.zkoss.bind.impl.ParamCall.call(ParamCall.java:111)
	at org.zkoss.bind.impl.BinderImpl.doExecute(BinderImpl.java:1520)
	at org.zkoss.bind.impl.BinderImpl.doCommand(BinderImpl.java:1313)
	at org.zkoss.bind.impl.BinderImpl.access$1500(BinderImpl.java:98)
	at org.zkoss.bind.impl.BinderImpl$CommandEventListener.onEvent0(BinderImpl.java:1197)
	at org.zkoss.bind.impl.BinderImpl$CommandEventListener.onEvent(BinderImpl.java:1155)
	at org.zkoss.zk.ui.AbstractComponent.onEvent(AbstractComponent.java:2742)
	at org.zkoss.zk.ui.AbstractComponent.service(AbstractComponent.java:2713)
	at org.zkoss.zk.ui.AbstractComponent.service(AbstractComponent.java:2654)
	at org.zkoss.zk.ui.impl.EventProcessor.process(EventProcessor.java:136)
	at org.zkoss.zk.ui.impl.UiEngineImpl.processEvent(UiEngineImpl.java:1710)
	at org.zkoss.zk.ui.impl.UiEngineImpl.process(UiEngineImpl.java:1495)
	at org.zkoss.zk.ui.impl.UiEngineImpl.execUpdate(UiEngineImpl.java:1205)
	at org.zkoss.zk.au.http.DHtmlUpdateServlet.process(DHtmlUpdateServlet.java:583)
	at org.zkoss.zk.au.http.DHtmlUpdateServlet.doGet(DHtmlUpdateServlet.java:481)
	at org.zkoss.zk.au.http.DHtmlUpdateServlet.doPost(DHtmlUpdateServlet.java:489)
	at org.zkoss.zk.grails.web.ZULUrlMappingsFilter.processFilterChain(ZULUrlMappingsFilter.java:394)
	at org.zkoss.zk.grails.web.ZULUrlMappingsFilter.doFilterInternal(ZULUrlMappingsFilter.java:134)
	at org.zkoss.zk.grails.web.ZKGrailsPageFilter.doFilter(ZKGrailsPageFilter.java:204)
	at org.zkoss.zk.grails.web.ZKGrailsOpenSessionInViewFilter.doFilterInternal(ZKGrailsOpenSessionInViewFilter.java:37)
	at java.util.concurrent.ThreadPoolExecutor.runWorker(ThreadPoolExecutor.java:1145)
	at java.util.concurrent.ThreadPoolExecutor$Worker.run(ThreadPoolExecutor.java:615)
	at java.lang.Thread.run(Thread.java:722)
2014-03-12 22:38:48,040 [http-bio-8080-exec-1] ERROR StackTrace  - Full Stack Trace:
java.lang.IndexOutOfBoundsException: fromIndex = -8
	at java.util.ArrayList.subListRangeCheck(ArrayList.java:920)
	at java.util.ArrayList.subList(ArrayList.java:914)
	at java_util_List$subList.call(Unknown Source)
	at ru.spb.soisbelle.zulModels.components.ShowcasePagingViewModel$$EOYJz7Jb.moveCarousel(ShowcasePagingViewModel.groovy:160)
	at ru.spb.soisbelle.zulModels.components.ShowcasePagingViewModel$$DOYJz7Jb.moveCarousel(Unknown Source)
	at ru.spb.soisbelle.zulModels.components.ShowcasePagingViewModel.moveCarousel(ShowcasePagingViewModel.groovy)
	at ru.spb.soisbelle.zulModels.components.ShowcasePagingViewModel$moveCarousel.callCurrent(Unknown Source)
	at ru.spb.soisbelle.zulModels.components.ShowcasePagingViewModel$$EOYJz7Jb.back(ShowcasePagingViewModel.groovy:155)
	at sun.reflect.NativeMethodAccessorImpl.invoke0(Native Method)
	at sun.reflect.NativeMethodAccessorImpl.invoke(NativeMethodAccessorImpl.java:57)
	at sun.reflect.DelegatingMethodAccessorImpl.invoke(DelegatingMethodAccessorImpl.java:43)
	at java.lang.reflect.Method.invoke(Method.java:601)
	at org.springsource.loaded.ri.ReloadedTypeInvoker$2.invoke(ReloadedTypeInvoker.java:122)
	at org.springsource.loaded.ri.ReflectiveInterceptor.jlrMethodInvoke(ReflectiveInterceptor.java:1272)
	at org.zkoss.bind.impl.ParamCall.call(ParamCall.java:111)
	at org.zkoss.bind.impl.BinderImpl.doExecute(BinderImpl.java:1520)
	at org.zkoss.bind.impl.BinderImpl.doCommand(BinderImpl.java:1313)
	at org.zkoss.bind.impl.BinderImpl.access$1500(BinderImpl.java:98)
	at org.zkoss.bind.impl.BinderImpl$CommandEventListener.onEvent0(BinderImpl.java:1197)
	at org.zkoss.bind.impl.BinderImpl$CommandEventListener.onEvent(BinderImpl.java:1155)
	at org.zkoss.zk.ui.AbstractComponent.onEvent(AbstractComponent.java:2742)
	at org.zkoss.zk.ui.AbstractComponent.service(AbstractComponent.java:2713)
	at org.zkoss.zk.ui.AbstractComponent.service(AbstractComponent.java:2654)
	at org.zkoss.zk.ui.impl.EventProcessor.process(EventProcessor.java:136)
	at org.zkoss.zk.ui.impl.UiEngineImpl.processEvent(UiEngineImpl.java:1710)
	at org.zkoss.zk.ui.impl.UiEngineImpl.process(UiEngineImpl.java:1495)
	at org.zkoss.zk.ui.impl.UiEngineImpl.execUpdate(UiEngineImpl.java:1205)
	at org.zkoss.zk.au.http.DHtmlUpdateServlet.process(DHtmlUpdateServlet.java:583)
	at org.zkoss.zk.au.http.DHtmlUpdateServlet.doGet(DHtmlUpdateServlet.java:481)
	at org.zkoss.zk.au.http.DHtmlUpdateServlet.doPost(DHtmlUpdateServlet.java:489)
	at javax.servlet.http.HttpServlet.service(HttpServlet.java:641)
	at javax.servlet.http.HttpServlet.service(HttpServlet.java:722)
	at org.apache.catalina.core.ApplicationFilterChain.internalDoFilter(ApplicationFilterChain.java:305)
	at org.apache.catalina.core.ApplicationFilterChain.doFilter(ApplicationFilterChain.java:210)
	at org.zkoss.zk.grails.web.ZULUrlMappingsFilter.processFilterChain(ZULUrlMappingsFilter.java:394)
	at org.zkoss.zk.grails.web.ZULUrlMappingsFilter.doFilterInternal(ZULUrlMappingsFilter.java:134)
	at org.springframework.web.filter.OncePerRequestFilter.doFilter(OncePerRequestFilter.java:76)
	at org.apache.catalina.core.ApplicationFilterChain.internalDoFilter(ApplicationFilterChain.java:243)
	at org.apache.catalina.core.ApplicationFilterChain.doFilter(ApplicationFilterChain.java:210)
	at org.zkoss.zk.grails.web.ZKGrailsPageFilter.doFilter(ZKGrailsPageFilter.java:204)
	at org.apache.catalina.core.ApplicationFilterChain.internalDoFilter(ApplicationFilterChain.java:243)
	at org.apache.catalina.core.ApplicationFilterChain.doFilter(ApplicationFilterChain.java:210)
	at javax.servlet.FilterChain$doFilter.call(Unknown Source)
	at org.grails.plugin.resource.DevModeSanityFilter.doFilter(DevModeSanityFilter.groovy:44)
	at org.apache.catalina.core.ApplicationFilterChain.internalDoFilter(ApplicationFilterChain.java:243)
	at org.apache.catalina.core.ApplicationFilterChain.doFilter(ApplicationFilterChain.java:210)
	at org.codehaus.groovy.grails.web.servlet.mvc.GrailsWebRequestFilter.doFilterInternal(GrailsWebRequestFilter.java:69)
	at org.springframework.web.filter.OncePerRequestFilter.doFilter(OncePerRequestFilter.java:76)
	at org.apache.catalina.core.ApplicationFilterChain.internalDoFilter(ApplicationFilterChain.java:243)
	at org.apache.catalina.core.ApplicationFilterChain.doFilter(ApplicationFilterChain.java:210)
	at org.codehaus.groovy.grails.web.filters.HiddenHttpMethodFilter.doFilterInternal(HiddenHttpMethodFilter.java:66)
	at org.springframework.web.filter.OncePerRequestFilter.doFilter(OncePerRequestFilter.java:76)
	at org.apache.catalina.core.ApplicationFilterChain.internalDoFilter(ApplicationFilterChain.java:243)
	at org.apache.catalina.core.ApplicationFilterChain.doFilter(ApplicationFilterChain.java:210)
	at org.zkoss.zk.grails.web.ZKGrailsOpenSessionInViewFilter.doFilterInternal(ZKGrailsOpenSessionInViewFilter.java:37)
	at org.springframework.web.filter.OncePerRequestFilter.doFilter(OncePerRequestFilter.java:76)
	at org.apache.catalina.core.ApplicationFilterChain.internalDoFilter(ApplicationFilterChain.java:243)
	at org.apache.catalina.core.ApplicationFilterChain.doFilter(ApplicationFilterChain.java:210)
	at org.springframework.web.filter.CharacterEncodingFilter.doFilterInternal(CharacterEncodingFilter.java:88)
	at org.springframework.web.filter.OncePerRequestFilter.doFilter(OncePerRequestFilter.java:76)
	at org.springframework.web.filter.DelegatingFilterProxy.invokeDelegate(DelegatingFilterProxy.java:346)
	at org.springframework.web.filter.DelegatingFilterProxy.doFilter(DelegatingFilterProxy.java:259)
	at org.apache.catalina.core.ApplicationFilterChain.internalDoFilter(ApplicationFilterChain.java:243)
	at org.apache.catalina.core.ApplicationFilterChain.doFilter(ApplicationFilterChain.java:210)
	at org.apache.catalina.core.StandardWrapperValve.invoke(StandardWrapperValve.java:222)
	at org.apache.catalina.core.StandardContextValve.invoke(StandardContextValve.java:123)
	at org.apache.catalina.core.StandardHostValve.invoke(StandardHostValve.java:168)
	at org.apache.catalina.valves.ErrorReportValve.invoke(ErrorReportValve.java:99)
	at org.apache.catalina.core.StandardEngineValve.invoke(StandardEngineValve.java:118)
	at org.apache.catalina.connector.CoyoteAdapter.service(CoyoteAdapter.java:407)
	at org.apache.coyote.http11.AbstractHttp11Processor.process(AbstractHttp11Processor.java:1002)
	at org.apache.coyote.AbstractProtocol$AbstractConnectionHandler.process(AbstractProtocol.java:585)
	at org.apache.tomcat.util.net.JIoEndpoint$SocketProcessor.run(JIoEndpoint.java:312)
	at java.util.concurrent.ThreadPoolExecutor.runWorker(ThreadPoolExecutor.java:1145)
	at java.util.concurrent.ThreadPoolExecutor$Worker.run(ThreadPoolExecutor.java:615)
	at java.lang.Thread.run(Thread.java:722)
2014-03-12 22:38:48,042 [http-bio-8080-exec-1] ERROR StackTrace  - Full Stack Trace:
java.lang.IndexOutOfBoundsException: fromIndex = -8
	at java.util.ArrayList.subListRangeCheck(ArrayList.java:920)
	at java.util.ArrayList.subList(ArrayList.java:914)
	at ru.spb.soisbelle.zulModels.components.ShowcasePagingViewModel$$EOYJz7Jb.moveCarousel(ShowcasePagingViewModel.groovy:160)
	at ru.spb.soisbelle.zulModels.components.ShowcasePagingViewModel$$EOYJz7Jb.back(ShowcasePagingViewModel.groovy:155)
	at org.zkoss.bind.impl.ParamCall.call(ParamCall.java:111)
	at org.zkoss.bind.impl.BinderImpl.doExecute(BinderImpl.java:1520)
	at org.zkoss.bind.impl.BinderImpl.doCommand(BinderImpl.java:1313)
	at org.zkoss.bind.impl.BinderImpl.access$1500(BinderImpl.java:98)
	at org.zkoss.bind.impl.BinderImpl$CommandEventListener.onEvent0(BinderImpl.java:1197)
	at org.zkoss.bind.impl.BinderImpl$CommandEventListener.onEvent(BinderImpl.java:1155)
	at org.zkoss.zk.ui.AbstractComponent.onEvent(AbstractComponent.java:2742)
	at org.zkoss.zk.ui.AbstractComponent.service(AbstractComponent.java:2713)
	at org.zkoss.zk.ui.AbstractComponent.service(AbstractComponent.java:2654)
	at org.zkoss.zk.ui.impl.EventProcessor.process(EventProcessor.java:136)
	at org.zkoss.zk.ui.impl.UiEngineImpl.processEvent(UiEngineImpl.java:1710)
	at org.zkoss.zk.ui.impl.UiEngineImpl.process(UiEngineImpl.java:1495)
	at org.zkoss.zk.ui.impl.UiEngineImpl.execUpdate(UiEngineImpl.java:1205)
	at org.zkoss.zk.au.http.DHtmlUpdateServlet.process(DHtmlUpdateServlet.java:583)
	at org.zkoss.zk.au.http.DHtmlUpdateServlet.doGet(DHtmlUpdateServlet.java:481)
	at org.zkoss.zk.au.http.DHtmlUpdateServlet.doPost(DHtmlUpdateServlet.java:489)
	at org.zkoss.zk.grails.web.ZULUrlMappingsFilter.processFilterChain(ZULUrlMappingsFilter.java:394)
	at org.zkoss.zk.grails.web.ZULUrlMappingsFilter.doFilterInternal(ZULUrlMappingsFilter.java:134)
	at org.zkoss.zk.grails.web.ZKGrailsPageFilter.doFilter(ZKGrailsPageFilter.java:204)
	at org.zkoss.zk.grails.web.ZKGrailsOpenSessionInViewFilter.doFilterInternal(ZKGrailsOpenSessionInViewFilter.java:37)
	at java.util.concurrent.ThreadPoolExecutor.runWorker(ThreadPoolExecutor.java:1145)
	at java.util.concurrent.ThreadPoolExecutor$Worker.run(ThreadPoolExecutor.java:615)
	at java.lang.Thread.run(Thread.java:722)
2014-03-12 22:38:48,043 [http-bio-8080-exec-1] ERROR StackTrace  - Full Stack Trace:
java.lang.IndexOutOfBoundsException: fromIndex = -8
	at java.util.ArrayList.subListRangeCheck(ArrayList.java:920)
	at java.util.ArrayList.subList(ArrayList.java:914)
	at ru.spb.soisbelle.zulModels.components.ShowcasePagingViewModel$$EOYJz7Jb.moveCarousel(ShowcasePagingViewModel.groovy:160)
	at ru.spb.soisbelle.zulModels.components.ShowcasePagingViewModel$$EOYJz7Jb.back(ShowcasePagingViewModel.groovy:155)
	at org.zkoss.bind.impl.ParamCall.call(ParamCall.java:111)
	at org.zkoss.bind.impl.BinderImpl.doExecute(BinderImpl.java:1520)
	at org.zkoss.bind.impl.BinderImpl.doCommand(BinderImpl.java:1313)
	at org.zkoss.bind.impl.BinderImpl.access$1500(BinderImpl.java:98)
	at org.zkoss.bind.impl.BinderImpl$CommandEventListener.onEvent0(BinderImpl.java:1197)
	at org.zkoss.bind.impl.BinderImpl$CommandEventListener.onEvent(BinderImpl.java:1155)
	at org.zkoss.zk.ui.AbstractComponent.onEvent(AbstractComponent.java:2742)
	at org.zkoss.zk.ui.AbstractComponent.service(AbstractComponent.java:2713)
	at org.zkoss.zk.ui.AbstractComponent.service(AbstractComponent.java:2654)
	at org.zkoss.zk.ui.impl.EventProcessor.process(EventProcessor.java:136)
	at org.zkoss.zk.ui.impl.UiEngineImpl.processEvent(UiEngineImpl.java:1710)
	at org.zkoss.zk.ui.impl.UiEngineImpl.process(UiEngineImpl.java:1495)
	at org.zkoss.zk.ui.impl.UiEngineImpl.execUpdate(UiEngineImpl.java:1205)
	at org.zkoss.zk.au.http.DHtmlUpdateServlet.process(DHtmlUpdateServlet.java:583)
	at org.zkoss.zk.au.http.DHtmlUpdateServlet.doGet(DHtmlUpdateServlet.java:481)
	at org.zkoss.zk.au.http.DHtmlUpdateServlet.doPost(DHtmlUpdateServlet.java:489)
	at org.zkoss.zk.grails.web.ZULUrlMappingsFilter.processFilterChain(ZULUrlMappingsFilter.java:394)
	at org.zkoss.zk.grails.web.ZULUrlMappingsFilter.doFilterInternal(ZULUrlMappingsFilter.java:134)
	at org.zkoss.zk.grails.web.ZKGrailsPageFilter.doFilter(ZKGrailsPageFilter.java:204)
	at org.zkoss.zk.grails.web.ZKGrailsOpenSessionInViewFilter.doFilterInternal(ZKGrailsOpenSessionInViewFilter.java:37)
	at java.util.concurrent.ThreadPoolExecutor.runWorker(ThreadPoolExecutor.java:1145)
	at java.util.concurrent.ThreadPoolExecutor$Worker.run(ThreadPoolExecutor.java:615)
	at java.lang.Thread.run(Thread.java:722)
2014-03-12 22:38:48,044 [http-bio-8080-exec-1] ERROR StackTrace  - Full Stack Trace:
java.lang.IndexOutOfBoundsException: fromIndex = -8
	at java.util.ArrayList.subListRangeCheck(ArrayList.java:920)
	at java.util.ArrayList.subList(ArrayList.java:914)
	at ru.spb.soisbelle.zulModels.components.ShowcasePagingViewModel$$EOYJz7Jb.moveCarousel(ShowcasePagingViewModel.groovy:160)
	at ru.spb.soisbelle.zulModels.components.ShowcasePagingViewModel$$EOYJz7Jb.back(ShowcasePagingViewModel.groovy:155)
	at org.zkoss.bind.impl.ParamCall.call(ParamCall.java:111)
	at org.zkoss.bind.impl.BinderImpl.doExecute(BinderImpl.java:1520)
	at org.zkoss.bind.impl.BinderImpl.doCommand(BinderImpl.java:1313)
	at org.zkoss.bind.impl.BinderImpl.access$1500(BinderImpl.java:98)
	at org.zkoss.bind.impl.BinderImpl$CommandEventListener.onEvent0(BinderImpl.java:1197)
	at org.zkoss.bind.impl.BinderImpl$CommandEventListener.onEvent(BinderImpl.java:1155)
	at org.zkoss.zk.ui.AbstractComponent.onEvent(AbstractComponent.java:2742)
	at org.zkoss.zk.ui.AbstractComponent.service(AbstractComponent.java:2713)
	at org.zkoss.zk.ui.AbstractComponent.service(AbstractComponent.java:2654)
	at org.zkoss.zk.ui.impl.EventProcessor.process(EventProcessor.java:136)
	at org.zkoss.zk.ui.impl.UiEngineImpl.processEvent(UiEngineImpl.java:1710)
	at org.zkoss.zk.ui.impl.UiEngineImpl.process(UiEngineImpl.java:1495)
	at org.zkoss.zk.ui.impl.UiEngineImpl.execUpdate(UiEngineImpl.java:1205)
	at org.zkoss.zk.au.http.DHtmlUpdateServlet.process(DHtmlUpdateServlet.java:583)
	at org.zkoss.zk.au.http.DHtmlUpdateServlet.doGet(DHtmlUpdateServlet.java:481)
	at org.zkoss.zk.au.http.DHtmlUpdateServlet.doPost(DHtmlUpdateServlet.java:489)
	at org.zkoss.zk.grails.web.ZULUrlMappingsFilter.processFilterChain(ZULUrlMappingsFilter.java:394)
	at org.zkoss.zk.grails.web.ZULUrlMappingsFilter.doFilterInternal(ZULUrlMappingsFilter.java:134)
	at org.zkoss.zk.grails.web.ZKGrailsPageFilter.doFilter(ZKGrailsPageFilter.java:204)
	at org.zkoss.zk.grails.web.ZKGrailsOpenSessionInViewFilter.doFilterInternal(ZKGrailsOpenSessionInViewFilter.java:37)
	at java.util.concurrent.ThreadPoolExecutor.runWorker(ThreadPoolExecutor.java:1145)
	at java.util.concurrent.ThreadPoolExecutor$Worker.run(ThreadPoolExecutor.java:615)
	at java.lang.Thread.run(Thread.java:722)
2014-03-12 22:38:48,052 [http-bio-8080-exec-1] ERROR StackTrace  - Full Stack Trace:
java.lang.IndexOutOfBoundsException: fromIndex = -8
	at java.util.ArrayList.subListRangeCheck(ArrayList.java:920)
	at java.util.ArrayList.subList(ArrayList.java:914)
	at ru.spb.soisbelle.zulModels.components.ShowcasePagingViewModel$$EOYJz7Jb.moveCarousel(ShowcasePagingViewModel.groovy:160)
	at ru.spb.soisbelle.zulModels.components.ShowcasePagingViewModel$$EOYJz7Jb.back(ShowcasePagingViewModel.groovy:155)
	at org.zkoss.bind.impl.ParamCall.call(ParamCall.java:111)
	at org.zkoss.bind.impl.BinderImpl.doExecute(BinderImpl.java:1520)
	at org.zkoss.bind.impl.BinderImpl.doCommand(BinderImpl.java:1313)
	at org.zkoss.bind.impl.BinderImpl.access$1500(BinderImpl.java:98)
	at org.zkoss.bind.impl.BinderImpl$CommandEventListener.onEvent0(BinderImpl.java:1197)
	at org.zkoss.bind.impl.BinderImpl$CommandEventListener.onEvent(BinderImpl.java:1155)
	at org.zkoss.zk.ui.AbstractComponent.onEvent(AbstractComponent.java:2742)
	at org.zkoss.zk.ui.AbstractComponent.service(AbstractComponent.java:2713)
	at org.zkoss.zk.ui.AbstractComponent.service(AbstractComponent.java:2654)
	at org.zkoss.zk.ui.impl.EventProcessor.process(EventProcessor.java:136)
	at org.zkoss.zk.ui.impl.UiEngineImpl.processEvent(UiEngineImpl.java:1710)
	at org.zkoss.zk.ui.impl.UiEngineImpl.process(UiEngineImpl.java:1495)
	at org.zkoss.zk.ui.impl.UiEngineImpl.execUpdate(UiEngineImpl.java:1205)
	at org.zkoss.zk.au.http.DHtmlUpdateServlet.process(DHtmlUpdateServlet.java:583)
	at org.zkoss.zk.au.http.DHtmlUpdateServlet.doGet(DHtmlUpdateServlet.java:481)
	at org.zkoss.zk.au.http.DHtmlUpdateServlet.doPost(DHtmlUpdateServlet.java:489)
	at org.zkoss.zk.grails.web.ZULUrlMappingsFilter.processFilterChain(ZULUrlMappingsFilter.java:394)
	at org.zkoss.zk.grails.web.ZULUrlMappingsFilter.doFilterInternal(ZULUrlMappingsFilter.java:134)
	at org.zkoss.zk.grails.web.ZKGrailsPageFilter.doFilter(ZKGrailsPageFilter.java:204)
	at org.zkoss.zk.grails.web.ZKGrailsOpenSessionInViewFilter.doFilterInternal(ZKGrailsOpenSessionInViewFilter.java:37)
	at java.util.concurrent.ThreadPoolExecutor.runWorker(ThreadPoolExecutor.java:1145)
	at java.util.concurrent.ThreadPoolExecutor$Worker.run(ThreadPoolExecutor.java:615)
	at java.lang.Thread.run(Thread.java:722)
2014-03-12 22:38:48,053 [http-bio-8080-exec-1] ERROR StackTrace  - Full Stack Trace:
java.lang.IndexOutOfBoundsException: fromIndex = -8
	at java.util.ArrayList.subListRangeCheck(ArrayList.java:920)
	at java.util.ArrayList.subList(ArrayList.java:914)
	at ru.spb.soisbelle.zulModels.components.ShowcasePagingViewModel$$EOYJz7Jb.moveCarousel(ShowcasePagingViewModel.groovy:160)
	at ru.spb.soisbelle.zulModels.components.ShowcasePagingViewModel$$EOYJz7Jb.back(ShowcasePagingViewModel.groovy:155)
	at org.zkoss.bind.impl.ParamCall.call(ParamCall.java:111)
	at org.zkoss.bind.impl.BinderImpl.doExecute(BinderImpl.java:1520)
	at org.zkoss.bind.impl.BinderImpl.doCommand(BinderImpl.java:1313)
	at org.zkoss.bind.impl.BinderImpl.access$1500(BinderImpl.java:98)
	at org.zkoss.bind.impl.BinderImpl$CommandEventListener.onEvent0(BinderImpl.java:1197)
	at org.zkoss.bind.impl.BinderImpl$CommandEventListener.onEvent(BinderImpl.java:1155)
	at org.zkoss.zk.ui.AbstractComponent.onEvent(AbstractComponent.java:2742)
	at org.zkoss.zk.ui.AbstractComponent.service(AbstractComponent.java:2713)
	at org.zkoss.zk.ui.AbstractComponent.service(AbstractComponent.java:2654)
	at org.zkoss.zk.ui.impl.EventProcessor.process(EventProcessor.java:136)
	at org.zkoss.zk.ui.impl.UiEngineImpl.processEvent(UiEngineImpl.java:1710)
	at org.zkoss.zk.ui.impl.UiEngineImpl.process(UiEngineImpl.java:1495)
	at org.zkoss.zk.ui.impl.UiEngineImpl.execUpdate(UiEngineImpl.java:1205)
	at org.zkoss.zk.au.http.DHtmlUpdateServlet.process(DHtmlUpdateServlet.java:583)
	at org.zkoss.zk.au.http.DHtmlUpdateServlet.doGet(DHtmlUpdateServlet.java:481)
	at org.zkoss.zk.au.http.DHtmlUpdateServlet.doPost(DHtmlUpdateServlet.java:489)
	at org.zkoss.zk.grails.web.ZULUrlMappingsFilter.processFilterChain(ZULUrlMappingsFilter.java:394)
	at org.zkoss.zk.grails.web.ZULUrlMappingsFilter.doFilterInternal(ZULUrlMappingsFilter.java:134)
	at org.zkoss.zk.grails.web.ZKGrailsPageFilter.doFilter(ZKGrailsPageFilter.java:204)
	at org.zkoss.zk.grails.web.ZKGrailsOpenSessionInViewFilter.doFilterInternal(ZKGrailsOpenSessionInViewFilter.java:37)
	at java.util.concurrent.ThreadPoolExecutor.runWorker(ThreadPoolExecutor.java:1145)
	at java.util.concurrent.ThreadPoolExecutor$Worker.run(ThreadPoolExecutor.java:615)
	at java.lang.Thread.run(Thread.java:722)
2014-03-12 22:38:48,053 [http-bio-8080-exec-1] ERROR StackTrace  - Full Stack Trace:
java.lang.IndexOutOfBoundsException: fromIndex = -8
	at java.util.ArrayList.subListRangeCheck(ArrayList.java:920)
	at java.util.ArrayList.subList(ArrayList.java:914)
	at ru.spb.soisbelle.zulModels.components.ShowcasePagingViewModel$$EOYJz7Jb.moveCarousel(ShowcasePagingViewModel.groovy:160)
	at ru.spb.soisbelle.zulModels.components.ShowcasePagingViewModel$$EOYJz7Jb.back(ShowcasePagingViewModel.groovy:155)
	at org.zkoss.bind.impl.ParamCall.call(ParamCall.java:111)
	at org.zkoss.bind.impl.BinderImpl.doExecute(BinderImpl.java:1520)
	at org.zkoss.bind.impl.BinderImpl.doCommand(BinderImpl.java:1313)
	at org.zkoss.bind.impl.BinderImpl.access$1500(BinderImpl.java:98)
	at org.zkoss.bind.impl.BinderImpl$CommandEventListener.onEvent0(BinderImpl.java:1197)
	at org.zkoss.bind.impl.BinderImpl$CommandEventListener.onEvent(BinderImpl.java:1155)
	at org.zkoss.zk.ui.AbstractComponent.onEvent(AbstractComponent.java:2742)
	at org.zkoss.zk.ui.AbstractComponent.service(AbstractComponent.java:2713)
	at org.zkoss.zk.ui.AbstractComponent.service(AbstractComponent.java:2654)
	at org.zkoss.zk.ui.impl.EventProcessor.process(EventProcessor.java:136)
	at org.zkoss.zk.ui.impl.UiEngineImpl.processEvent(UiEngineImpl.java:1710)
	at org.zkoss.zk.ui.impl.UiEngineImpl.process(UiEngineImpl.java:1495)
	at org.zkoss.zk.ui.impl.UiEngineImpl.execUpdate(UiEngineImpl.java:1205)
	at org.zkoss.zk.au.http.DHtmlUpdateServlet.process(DHtmlUpdateServlet.java:583)
	at org.zkoss.zk.au.http.DHtmlUpdateServlet.doGet(DHtmlUpdateServlet.java:481)
	at org.zkoss.zk.au.http.DHtmlUpdateServlet.doPost(DHtmlUpdateServlet.java:489)
	at org.zkoss.zk.grails.web.ZULUrlMappingsFilter.processFilterChain(ZULUrlMappingsFilter.java:394)
	at org.zkoss.zk.grails.web.ZULUrlMappingsFilter.doFilterInternal(ZULUrlMappingsFilter.java:134)
	at org.zkoss.zk.grails.web.ZKGrailsPageFilter.doFilter(ZKGrailsPageFilter.java:204)
	at org.zkoss.zk.grails.web.ZKGrailsOpenSessionInViewFilter.doFilterInternal(ZKGrailsOpenSessionInViewFilter.java:37)
	at java.util.concurrent.ThreadPoolExecutor.runWorker(ThreadPoolExecutor.java:1145)
	at java.util.concurrent.ThreadPoolExecutor$Worker.run(ThreadPoolExecutor.java:615)
	at java.lang.Thread.run(Thread.java:722)
2014-03-12 22:38:48,054 [http-bio-8080-exec-1] ERROR StackTrace  - Full Stack Trace:
java.lang.IndexOutOfBoundsException: fromIndex = -8
	at java.util.ArrayList.subListRangeCheck(ArrayList.java:920)
	at java.util.ArrayList.subList(ArrayList.java:914)
	at ru.spb.soisbelle.zulModels.components.ShowcasePagingViewModel$$EOYJz7Jb.moveCarousel(ShowcasePagingViewModel.groovy:160)
	at ru.spb.soisbelle.zulModels.components.ShowcasePagingViewModel$$EOYJz7Jb.back(ShowcasePagingViewModel.groovy:155)
	at org.zkoss.bind.impl.ParamCall.call(ParamCall.java:111)
	at org.zkoss.bind.impl.BinderImpl.doExecute(BinderImpl.java:1520)
	at org.zkoss.bind.impl.BinderImpl.doCommand(BinderImpl.java:1313)
	at org.zkoss.bind.impl.BinderImpl.access$1500(BinderImpl.java:98)
	at org.zkoss.bind.impl.BinderImpl$CommandEventListener.onEvent0(BinderImpl.java:1197)
	at org.zkoss.bind.impl.BinderImpl$CommandEventListener.onEvent(BinderImpl.java:1155)
	at org.zkoss.zk.ui.AbstractComponent.onEvent(AbstractComponent.java:2742)
	at org.zkoss.zk.ui.AbstractComponent.service(AbstractComponent.java:2713)
	at org.zkoss.zk.ui.AbstractComponent.service(AbstractComponent.java:2654)
	at org.zkoss.zk.ui.impl.EventProcessor.process(EventProcessor.java:136)
	at org.zkoss.zk.ui.impl.UiEngineImpl.processEvent(UiEngineImpl.java:1710)
	at org.zkoss.zk.ui.impl.UiEngineImpl.process(UiEngineImpl.java:1495)
	at org.zkoss.zk.ui.impl.UiEngineImpl.execUpdate(UiEngineImpl.java:1205)
	at org.zkoss.zk.au.http.DHtmlUpdateServlet.process(DHtmlUpdateServlet.java:583)
	at org.zkoss.zk.au.http.DHtmlUpdateServlet.doGet(DHtmlUpdateServlet.java:481)
	at org.zkoss.zk.au.http.DHtmlUpdateServlet.doPost(DHtmlUpdateServlet.java:489)
	at org.zkoss.zk.grails.web.ZULUrlMappingsFilter.processFilterChain(ZULUrlMappingsFilter.java:394)
	at org.zkoss.zk.grails.web.ZULUrlMappingsFilter.doFilterInternal(ZULUrlMappingsFilter.java:134)
	at org.zkoss.zk.grails.web.ZKGrailsPageFilter.doFilter(ZKGrailsPageFilter.java:204)
	at org.zkoss.zk.grails.web.ZKGrailsOpenSessionInViewFilter.doFilterInternal(ZKGrailsOpenSessionInViewFilter.java:37)
	at java.util.concurrent.ThreadPoolExecutor.runWorker(ThreadPoolExecutor.java:1145)
	at java.util.concurrent.ThreadPoolExecutor$Worker.run(ThreadPoolExecutor.java:615)
	at java.lang.Thread.run(Thread.java:722)
